[2025-02-17T18:36:03.766+0000] {processor.py:153} INFO - Started process (PID=270) to work on /opt/airflow/dags/etl_dag.py
[2025-02-17T18:36:03.767+0000] {processor.py:743} INFO - Processing file /opt/airflow/dags/etl_dag.py for tasks to queue
[2025-02-17T18:36:03.768+0000] {logging_mixin.py:137} INFO - [2025-02-17T18:36:03.768+0000] {dagbag.py:538} INFO - Filling up the DagBag from /opt/airflow/dags/etl_dag.py
[2025-02-17T18:36:03.860+0000] {processor.py:753} INFO - DAG(s) dict_keys(['etl_pipeline']) retrieved from /opt/airflow/dags/etl_dag.py
[2025-02-17T18:36:04.146+0000] {logging_mixin.py:137} INFO - [2025-02-17T18:36:04.146+0000] {manager.py:504} INFO - Created Permission View: can read on DAG:etl_pipeline
[2025-02-17T18:36:04.161+0000] {logging_mixin.py:137} INFO - [2025-02-17T18:36:04.161+0000] {manager.py:504} INFO - Created Permission View: can edit on DAG:etl_pipeline
[2025-02-17T18:36:04.171+0000] {logging_mixin.py:137} INFO - [2025-02-17T18:36:04.170+0000] {manager.py:504} INFO - Created Permission View: can delete on DAG:etl_pipeline
[2025-02-17T18:36:04.171+0000] {logging_mixin.py:137} INFO - [2025-02-17T18:36:04.171+0000] {dag.py:2690} INFO - Sync 1 DAGs
[2025-02-17T18:36:04.188+0000] {logging_mixin.py:137} INFO - [2025-02-17T18:36:04.188+0000] {dag.py:2711} INFO - Creating ORM DAG for etl_pipeline
[2025-02-17T18:36:04.204+0000] {logging_mixin.py:137} INFO - [2025-02-17T18:36:04.204+0000] {dag.py:3441} INFO - Setting next_dagrun for etl_pipeline to 2025-02-17T00:00:00+00:00, run_after=2025-02-18T00:00:00+00:00
[2025-02-17T18:36:04.227+0000] {processor.py:175} INFO - Processing /opt/airflow/dags/etl_dag.py took 0.465 seconds
[2025-02-17T18:36:34.629+0000] {processor.py:153} INFO - Started process (PID=276) to work on /opt/airflow/dags/etl_dag.py
[2025-02-17T18:36:34.630+0000] {processor.py:743} INFO - Processing file /opt/airflow/dags/etl_dag.py for tasks to queue
[2025-02-17T18:36:34.631+0000] {logging_mixin.py:137} INFO - [2025-02-17T18:36:34.631+0000] {dagbag.py:538} INFO - Filling up the DagBag from /opt/airflow/dags/etl_dag.py
[2025-02-17T18:36:34.695+0000] {processor.py:753} INFO - DAG(s) dict_keys(['etl_pipeline']) retrieved from /opt/airflow/dags/etl_dag.py
[2025-02-17T18:36:34.725+0000] {logging_mixin.py:137} INFO - [2025-02-17T18:36:34.725+0000] {dag.py:2690} INFO - Sync 1 DAGs
[2025-02-17T18:36:34.756+0000] {logging_mixin.py:137} INFO - [2025-02-17T18:36:34.755+0000] {dag.py:3441} INFO - Setting next_dagrun for etl_pipeline to 2025-02-17T00:00:00+00:00, run_after=2025-02-18T00:00:00+00:00
[2025-02-17T18:36:34.794+0000] {processor.py:175} INFO - Processing /opt/airflow/dags/etl_dag.py took 0.170 seconds
[2025-02-17T18:37:04.899+0000] {processor.py:153} INFO - Started process (PID=281) to work on /opt/airflow/dags/etl_dag.py
[2025-02-17T18:37:04.901+0000] {processor.py:743} INFO - Processing file /opt/airflow/dags/etl_dag.py for tasks to queue
[2025-02-17T18:37:04.902+0000] {logging_mixin.py:137} INFO - [2025-02-17T18:37:04.902+0000] {dagbag.py:538} INFO - Filling up the DagBag from /opt/airflow/dags/etl_dag.py
[2025-02-17T18:37:04.959+0000] {processor.py:753} INFO - DAG(s) dict_keys(['etl_pipeline']) retrieved from /opt/airflow/dags/etl_dag.py
[2025-02-17T18:37:05.000+0000] {logging_mixin.py:137} INFO - [2025-02-17T18:37:05.000+0000] {dag.py:2690} INFO - Sync 1 DAGs
[2025-02-17T18:37:05.039+0000] {logging_mixin.py:137} INFO - [2025-02-17T18:37:05.039+0000] {dag.py:3441} INFO - Setting next_dagrun for etl_pipeline to 2025-02-17T00:00:00+00:00, run_after=2025-02-18T00:00:00+00:00
[2025-02-17T18:37:05.073+0000] {processor.py:175} INFO - Processing /opt/airflow/dags/etl_dag.py took 0.178 seconds
[2025-02-17T18:37:10.961+0000] {processor.py:153} INFO - Started process (PID=286) to work on /opt/airflow/dags/etl_dag.py
[2025-02-17T18:37:10.962+0000] {processor.py:743} INFO - Processing file /opt/airflow/dags/etl_dag.py for tasks to queue
[2025-02-17T18:37:10.964+0000] {logging_mixin.py:137} INFO - [2025-02-17T18:37:10.964+0000] {dagbag.py:538} INFO - Filling up the DagBag from /opt/airflow/dags/etl_dag.py
[2025-02-17T18:37:11.059+0000] {processor.py:753} INFO - DAG(s) dict_keys(['etl_pipeline']) retrieved from /opt/airflow/dags/etl_dag.py
[2025-02-17T18:37:11.098+0000] {logging_mixin.py:137} INFO - [2025-02-17T18:37:11.098+0000] {dag.py:2690} INFO - Sync 1 DAGs
[2025-02-17T18:37:11.140+0000] {logging_mixin.py:137} INFO - [2025-02-17T18:37:11.140+0000] {dag.py:3441} INFO - Setting next_dagrun for etl_pipeline to 2025-02-17T00:00:00+00:00, run_after=2025-02-18T00:00:00+00:00
[2025-02-17T18:37:11.193+0000] {processor.py:175} INFO - Processing /opt/airflow/dags/etl_dag.py took 0.236 seconds
[2025-02-17T18:37:28.365+0000] {processor.py:153} INFO - Started process (PID=291) to work on /opt/airflow/dags/etl_dag.py
[2025-02-17T18:37:28.366+0000] {processor.py:743} INFO - Processing file /opt/airflow/dags/etl_dag.py for tasks to queue
[2025-02-17T18:37:28.368+0000] {logging_mixin.py:137} INFO - [2025-02-17T18:37:28.367+0000] {dagbag.py:538} INFO - Filling up the DagBag from /opt/airflow/dags/etl_dag.py
[2025-02-17T18:37:28.475+0000] {processor.py:753} INFO - DAG(s) dict_keys(['etl_pipeline']) retrieved from /opt/airflow/dags/etl_dag.py
[2025-02-17T18:37:28.517+0000] {logging_mixin.py:137} INFO - [2025-02-17T18:37:28.516+0000] {dag.py:2690} INFO - Sync 1 DAGs
[2025-02-17T18:37:28.554+0000] {logging_mixin.py:137} INFO - [2025-02-17T18:37:28.554+0000] {dag.py:3441} INFO - Setting next_dagrun for etl_pipeline to 2025-02-17T00:00:00+00:00, run_after=2025-02-18T00:00:00+00:00
[2025-02-17T18:37:28.605+0000] {processor.py:175} INFO - Processing /opt/airflow/dags/etl_dag.py took 0.246 seconds
[2025-02-17T18:37:30.436+0000] {processor.py:153} INFO - Started process (PID=296) to work on /opt/airflow/dags/etl_dag.py
[2025-02-17T18:37:30.437+0000] {processor.py:743} INFO - Processing file /opt/airflow/dags/etl_dag.py for tasks to queue
[2025-02-17T18:37:30.439+0000] {logging_mixin.py:137} INFO - [2025-02-17T18:37:30.439+0000] {dagbag.py:538} INFO - Filling up the DagBag from /opt/airflow/dags/etl_dag.py
[2025-02-17T18:37:30.522+0000] {processor.py:753} INFO - DAG(s) dict_keys(['etl_pipeline']) retrieved from /opt/airflow/dags/etl_dag.py
[2025-02-17T18:37:30.555+0000] {logging_mixin.py:137} INFO - [2025-02-17T18:37:30.554+0000] {dag.py:2690} INFO - Sync 1 DAGs
[2025-02-17T18:37:30.593+0000] {logging_mixin.py:137} INFO - [2025-02-17T18:37:30.593+0000] {dag.py:3441} INFO - Setting next_dagrun for etl_pipeline to 2025-02-17T00:00:00+00:00, run_after=2025-02-18T00:00:00+00:00
[2025-02-17T18:37:30.639+0000] {processor.py:175} INFO - Processing /opt/airflow/dags/etl_dag.py took 0.208 seconds
[2025-02-17T18:37:32.706+0000] {processor.py:153} INFO - Started process (PID=301) to work on /opt/airflow/dags/etl_dag.py
[2025-02-17T18:37:32.707+0000] {processor.py:743} INFO - Processing file /opt/airflow/dags/etl_dag.py for tasks to queue
[2025-02-17T18:37:32.709+0000] {logging_mixin.py:137} INFO - [2025-02-17T18:37:32.708+0000] {dagbag.py:538} INFO - Filling up the DagBag from /opt/airflow/dags/etl_dag.py
[2025-02-17T18:37:32.811+0000] {processor.py:753} INFO - DAG(s) dict_keys(['etl_pipeline']) retrieved from /opt/airflow/dags/etl_dag.py
[2025-02-17T18:37:32.849+0000] {logging_mixin.py:137} INFO - [2025-02-17T18:37:32.848+0000] {dag.py:2690} INFO - Sync 1 DAGs
[2025-02-17T18:37:32.889+0000] {logging_mixin.py:137} INFO - [2025-02-17T18:37:32.889+0000] {dag.py:3441} INFO - Setting next_dagrun for etl_pipeline to 2025-02-17T00:00:00+00:00, run_after=2025-02-18T00:00:00+00:00
[2025-02-17T18:37:32.933+0000] {processor.py:175} INFO - Processing /opt/airflow/dags/etl_dag.py took 0.232 seconds
[2025-02-17T18:37:35.042+0000] {processor.py:153} INFO - Started process (PID=306) to work on /opt/airflow/dags/etl_dag.py
[2025-02-17T18:37:35.045+0000] {processor.py:743} INFO - Processing file /opt/airflow/dags/etl_dag.py for tasks to queue
[2025-02-17T18:37:35.049+0000] {logging_mixin.py:137} INFO - [2025-02-17T18:37:35.048+0000] {dagbag.py:538} INFO - Filling up the DagBag from /opt/airflow/dags/etl_dag.py
[2025-02-17T18:37:35.196+0000] {processor.py:753} INFO - DAG(s) dict_keys(['etl_pipeline']) retrieved from /opt/airflow/dags/etl_dag.py
[2025-02-17T18:37:35.232+0000] {logging_mixin.py:137} INFO - [2025-02-17T18:37:35.232+0000] {dag.py:2690} INFO - Sync 1 DAGs
[2025-02-17T18:37:35.268+0000] {logging_mixin.py:137} INFO - [2025-02-17T18:37:35.268+0000] {dag.py:3441} INFO - Setting next_dagrun for etl_pipeline to 2025-02-17T00:00:00+00:00, run_after=2025-02-18T00:00:00+00:00
[2025-02-17T18:37:35.311+0000] {processor.py:175} INFO - Processing /opt/airflow/dags/etl_dag.py took 0.279 seconds
[2025-02-17T18:37:40.408+0000] {processor.py:153} INFO - Started process (PID=311) to work on /opt/airflow/dags/etl_dag.py
[2025-02-17T18:37:40.409+0000] {processor.py:743} INFO - Processing file /opt/airflow/dags/etl_dag.py for tasks to queue
[2025-02-17T18:37:40.410+0000] {logging_mixin.py:137} INFO - [2025-02-17T18:37:40.410+0000] {dagbag.py:538} INFO - Filling up the DagBag from /opt/airflow/dags/etl_dag.py
[2025-02-17T18:37:40.448+0000] {logging_mixin.py:137} INFO - [2025-02-17T18:37:40.447+0000] {dagbag.py:343} ERROR - Failed to import: /opt/airflow/dags/etl_dag.py
Traceback (most recent call last):
  File "/home/airflow/.local/lib/python3.7/site-packages/airflow/models/dagbag.py", line 339, in parse
    loader.exec_module(new_module)
  File "<frozen importlib._bootstrap_external>", line 724, in exec_module
  File "<frozen importlib._bootstrap_external>", line 860, in get_code
  File "<frozen importlib._bootstrap_external>", line 791, in source_to_code
  File "<frozen importlib._bootstrap>", line 219, in _call_with_frames_removed
  File "/opt/airflow/dags/etl_dag.py", line 32
    extract >> transform >> load
                               ^
IndentationError: unindent does not match any outer indentation level
[2025-02-17T18:37:40.448+0000] {processor.py:755} WARNING - No viable dags retrieved from /opt/airflow/dags/etl_dag.py
[2025-02-17T18:37:40.484+0000] {processor.py:175} INFO - Processing /opt/airflow/dags/etl_dag.py took 0.080 seconds
[2025-02-17T18:37:44.463+0000] {processor.py:153} INFO - Started process (PID=316) to work on /opt/airflow/dags/etl_dag.py
[2025-02-17T18:37:44.464+0000] {processor.py:743} INFO - Processing file /opt/airflow/dags/etl_dag.py for tasks to queue
[2025-02-17T18:37:44.465+0000] {logging_mixin.py:137} INFO - [2025-02-17T18:37:44.465+0000] {dagbag.py:538} INFO - Filling up the DagBag from /opt/airflow/dags/etl_dag.py
[2025-02-17T18:37:44.534+0000] {logging_mixin.py:137} INFO - [2025-02-17T18:37:44.531+0000] {dagbag.py:343} ERROR - Failed to import: /opt/airflow/dags/etl_dag.py
Traceback (most recent call last):
  File "/home/airflow/.local/lib/python3.7/site-packages/airflow/models/dagbag.py", line 339, in parse
    loader.exec_module(new_module)
  File "<frozen importlib._bootstrap_external>", line 724, in exec_module
  File "<frozen importlib._bootstrap_external>", line 860, in get_code
  File "<frozen importlib._bootstrap_external>", line 791, in source_to_code
  File "<frozen importlib._bootstrap>", line 219, in _call_with_frames_removed
  File "/opt/airflow/dags/etl_dag.py", line 32
    extract >> transform >> load
                               ^
IndentationError: unindent does not match any outer indentation level
[2025-02-17T18:37:44.535+0000] {processor.py:755} WARNING - No viable dags retrieved from /opt/airflow/dags/etl_dag.py
[2025-02-17T18:37:44.575+0000] {processor.py:175} INFO - Processing /opt/airflow/dags/etl_dag.py took 0.116 seconds
[2025-02-17T18:37:47.601+0000] {processor.py:153} INFO - Started process (PID=321) to work on /opt/airflow/dags/etl_dag.py
[2025-02-17T18:37:47.603+0000] {processor.py:743} INFO - Processing file /opt/airflow/dags/etl_dag.py for tasks to queue
[2025-02-17T18:37:47.604+0000] {logging_mixin.py:137} INFO - [2025-02-17T18:37:47.604+0000] {dagbag.py:538} INFO - Filling up the DagBag from /opt/airflow/dags/etl_dag.py
[2025-02-17T18:37:47.668+0000] {logging_mixin.py:137} INFO - [2025-02-17T18:37:47.666+0000] {dagbag.py:343} ERROR - Failed to import: /opt/airflow/dags/etl_dag.py
Traceback (most recent call last):
  File "/home/airflow/.local/lib/python3.7/site-packages/airflow/models/dagbag.py", line 339, in parse
    loader.exec_module(new_module)
  File "<frozen importlib._bootstrap_external>", line 724, in exec_module
  File "<frozen importlib._bootstrap_external>", line 860, in get_code
  File "<frozen importlib._bootstrap_external>", line 791, in source_to_code
  File "<frozen importlib._bootstrap>", line 219, in _call_with_frames_removed
  File "/opt/airflow/dags/etl_dag.py", line 32
    extract >> transform >> load
                               ^
IndentationError: unindent does not match any outer indentation level
[2025-02-17T18:37:47.670+0000] {processor.py:755} WARNING - No viable dags retrieved from /opt/airflow/dags/etl_dag.py
[2025-02-17T18:37:47.709+0000] {processor.py:175} INFO - Processing /opt/airflow/dags/etl_dag.py took 0.112 seconds
[2025-02-17T18:37:49.666+0000] {processor.py:153} INFO - Started process (PID=326) to work on /opt/airflow/dags/etl_dag.py
[2025-02-17T18:37:49.668+0000] {processor.py:743} INFO - Processing file /opt/airflow/dags/etl_dag.py for tasks to queue
[2025-02-17T18:37:49.669+0000] {logging_mixin.py:137} INFO - [2025-02-17T18:37:49.669+0000] {dagbag.py:538} INFO - Filling up the DagBag from /opt/airflow/dags/etl_dag.py
[2025-02-17T18:37:49.716+0000] {logging_mixin.py:137} INFO - [2025-02-17T18:37:49.714+0000] {dagbag.py:343} ERROR - Failed to import: /opt/airflow/dags/etl_dag.py
Traceback (most recent call last):
  File "/home/airflow/.local/lib/python3.7/site-packages/airflow/models/dagbag.py", line 339, in parse
    loader.exec_module(new_module)
  File "<frozen importlib._bootstrap_external>", line 724, in exec_module
  File "<frozen importlib._bootstrap_external>", line 860, in get_code
  File "<frozen importlib._bootstrap_external>", line 791, in source_to_code
  File "<frozen importlib._bootstrap>", line 219, in _call_with_frames_removed
  File "/opt/airflow/dags/etl_dag.py", line 32
    extract >> transform >> load
                               ^
IndentationError: unindent does not match any outer indentation level
[2025-02-17T18:37:49.717+0000] {processor.py:755} WARNING - No viable dags retrieved from /opt/airflow/dags/etl_dag.py
[2025-02-17T18:37:49.758+0000] {processor.py:175} INFO - Processing /opt/airflow/dags/etl_dag.py took 0.097 seconds
[2025-02-17T18:37:51.794+0000] {processor.py:153} INFO - Started process (PID=331) to work on /opt/airflow/dags/etl_dag.py
[2025-02-17T18:37:51.795+0000] {processor.py:743} INFO - Processing file /opt/airflow/dags/etl_dag.py for tasks to queue
[2025-02-17T18:37:51.796+0000] {logging_mixin.py:137} INFO - [2025-02-17T18:37:51.796+0000] {dagbag.py:538} INFO - Filling up the DagBag from /opt/airflow/dags/etl_dag.py
[2025-02-17T18:37:51.862+0000] {processor.py:753} INFO - DAG(s) dict_keys(['etl_pipeline']) retrieved from /opt/airflow/dags/etl_dag.py
[2025-02-17T18:37:51.895+0000] {logging_mixin.py:137} INFO - [2025-02-17T18:37:51.894+0000] {dag.py:2690} INFO - Sync 1 DAGs
[2025-02-17T18:37:51.936+0000] {logging_mixin.py:137} INFO - [2025-02-17T18:37:51.936+0000] {dag.py:3441} INFO - Setting next_dagrun for etl_pipeline to 2025-02-17T00:00:00+00:00, run_after=2025-02-18T00:00:00+00:00
[2025-02-17T18:37:51.981+0000] {processor.py:175} INFO - Processing /opt/airflow/dags/etl_dag.py took 0.191 seconds
[2025-02-17T18:37:52.855+0000] {processor.py:153} INFO - Started process (PID=336) to work on /opt/airflow/dags/etl_dag.py
[2025-02-17T18:37:52.857+0000] {processor.py:743} INFO - Processing file /opt/airflow/dags/etl_dag.py for tasks to queue
[2025-02-17T18:37:52.859+0000] {logging_mixin.py:137} INFO - [2025-02-17T18:37:52.858+0000] {dagbag.py:538} INFO - Filling up the DagBag from /opt/airflow/dags/etl_dag.py
[2025-02-17T18:37:52.977+0000] {processor.py:753} INFO - DAG(s) dict_keys(['etl_pipeline']) retrieved from /opt/airflow/dags/etl_dag.py
[2025-02-17T18:37:53.023+0000] {logging_mixin.py:137} INFO - [2025-02-17T18:37:53.022+0000] {dag.py:2690} INFO - Sync 1 DAGs
[2025-02-17T18:37:53.070+0000] {logging_mixin.py:137} INFO - [2025-02-17T18:37:53.070+0000] {dag.py:3441} INFO - Setting next_dagrun for etl_pipeline to 2025-02-17T00:00:00+00:00, run_after=2025-02-18T00:00:00+00:00
[2025-02-17T18:37:53.120+0000] {processor.py:175} INFO - Processing /opt/airflow/dags/etl_dag.py took 0.272 seconds
[2025-02-17T18:37:54.098+0000] {processor.py:153} INFO - Started process (PID=341) to work on /opt/airflow/dags/etl_dag.py
[2025-02-17T18:37:54.100+0000] {processor.py:743} INFO - Processing file /opt/airflow/dags/etl_dag.py for tasks to queue
[2025-02-17T18:37:54.102+0000] {logging_mixin.py:137} INFO - [2025-02-17T18:37:54.102+0000] {dagbag.py:538} INFO - Filling up the DagBag from /opt/airflow/dags/etl_dag.py
[2025-02-17T18:37:54.206+0000] {processor.py:753} INFO - DAG(s) dict_keys(['etl_pipeline']) retrieved from /opt/airflow/dags/etl_dag.py
[2025-02-17T18:37:54.241+0000] {logging_mixin.py:137} INFO - [2025-02-17T18:37:54.241+0000] {dag.py:2690} INFO - Sync 1 DAGs
[2025-02-17T18:37:54.285+0000] {logging_mixin.py:137} INFO - [2025-02-17T18:37:54.285+0000] {dag.py:3441} INFO - Setting next_dagrun for etl_pipeline to 2025-02-17T00:00:00+00:00, run_after=2025-02-18T00:00:00+00:00
[2025-02-17T18:37:54.347+0000] {processor.py:175} INFO - Processing /opt/airflow/dags/etl_dag.py took 0.255 seconds
[2025-02-17T18:37:55.190+0000] {processor.py:153} INFO - Started process (PID=346) to work on /opt/airflow/dags/etl_dag.py
[2025-02-17T18:37:55.191+0000] {processor.py:743} INFO - Processing file /opt/airflow/dags/etl_dag.py for tasks to queue
[2025-02-17T18:37:55.192+0000] {logging_mixin.py:137} INFO - [2025-02-17T18:37:55.192+0000] {dagbag.py:538} INFO - Filling up the DagBag from /opt/airflow/dags/etl_dag.py
[2025-02-17T18:37:55.333+0000] {processor.py:753} INFO - DAG(s) dict_keys(['etl_pipeline']) retrieved from /opt/airflow/dags/etl_dag.py
[2025-02-17T18:37:55.378+0000] {logging_mixin.py:137} INFO - [2025-02-17T18:37:55.378+0000] {dag.py:2690} INFO - Sync 1 DAGs
[2025-02-17T18:37:55.433+0000] {logging_mixin.py:137} INFO - [2025-02-17T18:37:55.432+0000] {dag.py:3441} INFO - Setting next_dagrun for etl_pipeline to 2025-02-17T00:00:00+00:00, run_after=2025-02-18T00:00:00+00:00
[2025-02-17T18:37:55.479+0000] {processor.py:175} INFO - Processing /opt/airflow/dags/etl_dag.py took 0.295 seconds
[2025-02-17T18:38:02.484+0000] {processor.py:153} INFO - Started process (PID=351) to work on /opt/airflow/dags/etl_dag.py
[2025-02-17T18:38:02.485+0000] {processor.py:743} INFO - Processing file /opt/airflow/dags/etl_dag.py for tasks to queue
[2025-02-17T18:38:02.487+0000] {logging_mixin.py:137} INFO - [2025-02-17T18:38:02.487+0000] {dagbag.py:538} INFO - Filling up the DagBag from /opt/airflow/dags/etl_dag.py
[2025-02-17T18:38:02.547+0000] {logging_mixin.py:137} INFO - [2025-02-17T18:38:02.545+0000] {dagbag.py:343} ERROR - Failed to import: /opt/airflow/dags/etl_dag.py
Traceback (most recent call last):
  File "/home/airflow/.local/lib/python3.7/site-packages/airflow/models/dagbag.py", line 339, in parse
    loader.exec_module(new_module)
  File "<frozen importlib._bootstrap_external>", line 724, in exec_module
  File "<frozen importlib._bootstrap_external>", line 860, in get_code
  File "<frozen importlib._bootstrap_external>", line 791, in source_to_code
  File "<frozen importlib._bootstrap>", line 219, in _call_with_frames_removed
  File "/opt/airflow/dags/etl_dag.py", line 32
    extract >> transform >> load
                               ^
IndentationError: unindent does not match any outer indentation level
[2025-02-17T18:38:02.548+0000] {processor.py:755} WARNING - No viable dags retrieved from /opt/airflow/dags/etl_dag.py
[2025-02-17T18:38:02.591+0000] {processor.py:175} INFO - Processing /opt/airflow/dags/etl_dag.py took 0.114 seconds
[2025-02-17T18:38:03.624+0000] {processor.py:153} INFO - Started process (PID=356) to work on /opt/airflow/dags/etl_dag.py
[2025-02-17T18:38:03.625+0000] {processor.py:743} INFO - Processing file /opt/airflow/dags/etl_dag.py for tasks to queue
[2025-02-17T18:38:03.627+0000] {logging_mixin.py:137} INFO - [2025-02-17T18:38:03.627+0000] {dagbag.py:538} INFO - Filling up the DagBag from /opt/airflow/dags/etl_dag.py
[2025-02-17T18:38:03.691+0000] {processor.py:753} INFO - DAG(s) dict_keys(['etl_pipeline']) retrieved from /opt/airflow/dags/etl_dag.py
[2025-02-17T18:38:03.723+0000] {logging_mixin.py:137} INFO - [2025-02-17T18:38:03.723+0000] {dag.py:2690} INFO - Sync 1 DAGs
[2025-02-17T18:38:03.759+0000] {logging_mixin.py:137} INFO - [2025-02-17T18:38:03.759+0000] {dag.py:3441} INFO - Setting next_dagrun for etl_pipeline to 2025-02-17T00:00:00+00:00, run_after=2025-02-18T00:00:00+00:00
[2025-02-17T18:38:03.807+0000] {processor.py:175} INFO - Processing /opt/airflow/dags/etl_dag.py took 0.188 seconds
[2025-02-17T18:38:08.901+0000] {processor.py:153} INFO - Started process (PID=361) to work on /opt/airflow/dags/etl_dag.py
[2025-02-17T18:38:08.903+0000] {processor.py:743} INFO - Processing file /opt/airflow/dags/etl_dag.py for tasks to queue
[2025-02-17T18:38:08.904+0000] {logging_mixin.py:137} INFO - [2025-02-17T18:38:08.904+0000] {dagbag.py:538} INFO - Filling up the DagBag from /opt/airflow/dags/etl_dag.py
[2025-02-17T18:38:08.987+0000] {processor.py:753} INFO - DAG(s) dict_keys(['etl_pipeline']) retrieved from /opt/airflow/dags/etl_dag.py
[2025-02-17T18:38:09.031+0000] {logging_mixin.py:137} INFO - [2025-02-17T18:38:09.031+0000] {dag.py:2690} INFO - Sync 1 DAGs
[2025-02-17T18:38:09.074+0000] {logging_mixin.py:137} INFO - [2025-02-17T18:38:09.074+0000] {dag.py:3441} INFO - Setting next_dagrun for etl_pipeline to 2025-02-17T00:00:00+00:00, run_after=2025-02-18T00:00:00+00:00
[2025-02-17T18:38:09.125+0000] {processor.py:175} INFO - Processing /opt/airflow/dags/etl_dag.py took 0.228 seconds
[2025-02-17T18:38:09.908+0000] {processor.py:153} INFO - Started process (PID=366) to work on /opt/airflow/dags/etl_dag.py
[2025-02-17T18:38:09.913+0000] {processor.py:743} INFO - Processing file /opt/airflow/dags/etl_dag.py for tasks to queue
[2025-02-17T18:38:09.914+0000] {logging_mixin.py:137} INFO - [2025-02-17T18:38:09.914+0000] {dagbag.py:538} INFO - Filling up the DagBag from /opt/airflow/dags/etl_dag.py
[2025-02-17T18:38:09.990+0000] {processor.py:753} INFO - DAG(s) dict_keys(['etl_pipeline']) retrieved from /opt/airflow/dags/etl_dag.py
[2025-02-17T18:38:10.022+0000] {logging_mixin.py:137} INFO - [2025-02-17T18:38:10.022+0000] {dag.py:2690} INFO - Sync 1 DAGs
[2025-02-17T18:38:10.055+0000] {logging_mixin.py:137} INFO - [2025-02-17T18:38:10.055+0000] {dag.py:3441} INFO - Setting next_dagrun for etl_pipeline to 2025-02-17T00:00:00+00:00, run_after=2025-02-18T00:00:00+00:00
[2025-02-17T18:38:10.095+0000] {processor.py:175} INFO - Processing /opt/airflow/dags/etl_dag.py took 0.191 seconds
[2025-02-17T18:38:40.225+0000] {processor.py:153} INFO - Started process (PID=377) to work on /opt/airflow/dags/etl_dag.py
[2025-02-17T18:38:40.227+0000] {processor.py:743} INFO - Processing file /opt/airflow/dags/etl_dag.py for tasks to queue
[2025-02-17T18:38:40.228+0000] {logging_mixin.py:137} INFO - [2025-02-17T18:38:40.228+0000] {dagbag.py:538} INFO - Filling up the DagBag from /opt/airflow/dags/etl_dag.py
[2025-02-17T18:38:40.271+0000] {processor.py:753} INFO - DAG(s) dict_keys(['etl_pipeline']) retrieved from /opt/airflow/dags/etl_dag.py
[2025-02-17T18:38:40.304+0000] {logging_mixin.py:137} INFO - [2025-02-17T18:38:40.304+0000] {dag.py:2690} INFO - Sync 1 DAGs
[2025-02-17T18:38:40.342+0000] {logging_mixin.py:137} INFO - [2025-02-17T18:38:40.342+0000] {dag.py:3441} INFO - Setting next_dagrun for etl_pipeline to 2025-02-17T00:00:00+00:00, run_after=2025-02-18T00:00:00+00:00
[2025-02-17T18:38:40.374+0000] {processor.py:175} INFO - Processing /opt/airflow/dags/etl_dag.py took 0.153 seconds
[2025-02-17T18:38:50.336+0000] {processor.py:153} INFO - Started process (PID=382) to work on /opt/airflow/dags/etl_dag.py
[2025-02-17T18:38:50.337+0000] {processor.py:743} INFO - Processing file /opt/airflow/dags/etl_dag.py for tasks to queue
[2025-02-17T18:38:50.339+0000] {logging_mixin.py:137} INFO - [2025-02-17T18:38:50.339+0000] {dagbag.py:538} INFO - Filling up the DagBag from /opt/airflow/dags/etl_dag.py
[2025-02-17T18:38:50.458+0000] {processor.py:753} INFO - DAG(s) dict_keys(['etl_pipeline']) retrieved from /opt/airflow/dags/etl_dag.py
[2025-02-17T18:38:50.488+0000] {logging_mixin.py:137} INFO - [2025-02-17T18:38:50.488+0000] {dag.py:2690} INFO - Sync 1 DAGs
[2025-02-17T18:38:50.535+0000] {logging_mixin.py:137} INFO - [2025-02-17T18:38:50.535+0000] {dag.py:3441} INFO - Setting next_dagrun for etl_pipeline to 2025-02-17T00:00:00+00:00, run_after=2025-02-18T00:00:00+00:00
[2025-02-17T18:38:50.572+0000] {processor.py:175} INFO - Processing /opt/airflow/dags/etl_dag.py took 0.242 seconds
[2025-02-17T18:43:47.694+0000] {processor.py:153} INFO - Started process (PID=248) to work on /opt/airflow/dags/etl_dag.py
[2025-02-17T18:43:47.696+0000] {processor.py:743} INFO - Processing file /opt/airflow/dags/etl_dag.py for tasks to queue
[2025-02-17T18:43:47.700+0000] {logging_mixin.py:137} INFO - [2025-02-17T18:43:47.699+0000] {dagbag.py:538} INFO - Filling up the DagBag from /opt/airflow/dags/etl_dag.py
[2025-02-17T18:43:47.774+0000] {processor.py:753} INFO - DAG(s) dict_keys(['etl_pipeline']) retrieved from /opt/airflow/dags/etl_dag.py
[2025-02-17T18:43:47.959+0000] {logging_mixin.py:137} INFO - [2025-02-17T18:43:47.959+0000] {dag.py:2690} INFO - Sync 1 DAGs
[2025-02-17T18:43:47.992+0000] {logging_mixin.py:137} INFO - [2025-02-17T18:43:47.992+0000] {dag.py:3441} INFO - Setting next_dagrun for etl_pipeline to 2025-02-17T00:00:00+00:00, run_after=2025-02-18T00:00:00+00:00
[2025-02-17T18:43:48.023+0000] {processor.py:175} INFO - Processing /opt/airflow/dags/etl_dag.py took 0.332 seconds
[2025-02-17T18:44:18.122+0000] {processor.py:153} INFO - Started process (PID=257) to work on /opt/airflow/dags/etl_dag.py
[2025-02-17T18:44:18.124+0000] {processor.py:743} INFO - Processing file /opt/airflow/dags/etl_dag.py for tasks to queue
[2025-02-17T18:44:18.126+0000] {logging_mixin.py:137} INFO - [2025-02-17T18:44:18.126+0000] {dagbag.py:538} INFO - Filling up the DagBag from /opt/airflow/dags/etl_dag.py
[2025-02-17T18:44:18.188+0000] {processor.py:753} INFO - DAG(s) dict_keys(['etl_pipeline']) retrieved from /opt/airflow/dags/etl_dag.py
[2025-02-17T18:44:18.226+0000] {logging_mixin.py:137} INFO - [2025-02-17T18:44:18.226+0000] {dag.py:2690} INFO - Sync 1 DAGs
[2025-02-17T18:44:18.268+0000] {logging_mixin.py:137} INFO - [2025-02-17T18:44:18.268+0000] {dag.py:3441} INFO - Setting next_dagrun for etl_pipeline to 2025-02-17T00:00:00+00:00, run_after=2025-02-18T00:00:00+00:00
[2025-02-17T18:44:18.313+0000] {processor.py:175} INFO - Processing /opt/airflow/dags/etl_dag.py took 0.196 seconds
[2025-02-17T18:44:48.613+0000] {processor.py:153} INFO - Started process (PID=262) to work on /opt/airflow/dags/etl_dag.py
[2025-02-17T18:44:48.615+0000] {processor.py:743} INFO - Processing file /opt/airflow/dags/etl_dag.py for tasks to queue
[2025-02-17T18:44:48.617+0000] {logging_mixin.py:137} INFO - [2025-02-17T18:44:48.617+0000] {dagbag.py:538} INFO - Filling up the DagBag from /opt/airflow/dags/etl_dag.py
[2025-02-17T18:44:48.682+0000] {processor.py:753} INFO - DAG(s) dict_keys(['etl_pipeline']) retrieved from /opt/airflow/dags/etl_dag.py
[2025-02-17T18:44:48.718+0000] {logging_mixin.py:137} INFO - [2025-02-17T18:44:48.718+0000] {dag.py:2690} INFO - Sync 1 DAGs
[2025-02-17T18:44:48.758+0000] {logging_mixin.py:137} INFO - [2025-02-17T18:44:48.758+0000] {dag.py:3441} INFO - Setting next_dagrun for etl_pipeline to 2025-02-17T00:00:00+00:00, run_after=2025-02-18T00:00:00+00:00
[2025-02-17T18:44:48.804+0000] {processor.py:175} INFO - Processing /opt/airflow/dags/etl_dag.py took 0.196 seconds
[2025-02-17T18:45:18.943+0000] {processor.py:153} INFO - Started process (PID=267) to work on /opt/airflow/dags/etl_dag.py
[2025-02-17T18:45:18.944+0000] {processor.py:743} INFO - Processing file /opt/airflow/dags/etl_dag.py for tasks to queue
[2025-02-17T18:45:18.945+0000] {logging_mixin.py:137} INFO - [2025-02-17T18:45:18.945+0000] {dagbag.py:538} INFO - Filling up the DagBag from /opt/airflow/dags/etl_dag.py
[2025-02-17T18:45:18.995+0000] {processor.py:753} INFO - DAG(s) dict_keys(['etl_pipeline']) retrieved from /opt/airflow/dags/etl_dag.py
[2025-02-17T18:45:19.035+0000] {logging_mixin.py:137} INFO - [2025-02-17T18:45:19.034+0000] {dag.py:2690} INFO - Sync 1 DAGs
[2025-02-17T18:45:19.072+0000] {logging_mixin.py:137} INFO - [2025-02-17T18:45:19.072+0000] {dag.py:3441} INFO - Setting next_dagrun for etl_pipeline to 2025-02-17T00:00:00+00:00, run_after=2025-02-18T00:00:00+00:00
[2025-02-17T18:45:19.112+0000] {processor.py:175} INFO - Processing /opt/airflow/dags/etl_dag.py took 0.174 seconds
[2025-02-17T18:45:34.308+0000] {processor.py:153} INFO - Started process (PID=272) to work on /opt/airflow/dags/etl_dag.py
[2025-02-17T18:45:34.312+0000] {processor.py:743} INFO - Processing file /opt/airflow/dags/etl_dag.py for tasks to queue
[2025-02-17T18:45:34.316+0000] {logging_mixin.py:137} INFO - [2025-02-17T18:45:34.315+0000] {dagbag.py:538} INFO - Filling up the DagBag from /opt/airflow/dags/etl_dag.py
[2025-02-17T18:45:34.523+0000] {processor.py:753} INFO - DAG(s) dict_keys(['etl_pipeline']) retrieved from /opt/airflow/dags/etl_dag.py
[2025-02-17T18:45:34.656+0000] {logging_mixin.py:137} INFO - [2025-02-17T18:45:34.656+0000] {dag.py:2690} INFO - Sync 1 DAGs
[2025-02-17T18:45:34.703+0000] {logging_mixin.py:137} INFO - [2025-02-17T18:45:34.703+0000] {dag.py:3441} INFO - Setting next_dagrun for etl_pipeline to 2025-02-17T00:00:00+00:00, run_after=2025-02-18T00:00:00+00:00
[2025-02-17T18:45:34.829+0000] {processor.py:175} INFO - Processing /opt/airflow/dags/etl_dag.py took 0.528 seconds
[2025-02-17T18:46:05.240+0000] {processor.py:153} INFO - Started process (PID=283) to work on /opt/airflow/dags/etl_dag.py
[2025-02-17T18:46:05.242+0000] {processor.py:743} INFO - Processing file /opt/airflow/dags/etl_dag.py for tasks to queue
[2025-02-17T18:46:05.245+0000] {logging_mixin.py:137} INFO - [2025-02-17T18:46:05.245+0000] {dagbag.py:538} INFO - Filling up the DagBag from /opt/airflow/dags/etl_dag.py
[2025-02-17T18:46:05.321+0000] {processor.py:753} INFO - DAG(s) dict_keys(['etl_pipeline']) retrieved from /opt/airflow/dags/etl_dag.py
[2025-02-17T18:46:05.360+0000] {logging_mixin.py:137} INFO - [2025-02-17T18:46:05.359+0000] {dag.py:2690} INFO - Sync 1 DAGs
[2025-02-17T18:46:05.394+0000] {logging_mixin.py:137} INFO - [2025-02-17T18:46:05.394+0000] {dag.py:3441} INFO - Setting next_dagrun for etl_pipeline to 2025-02-17T00:00:00+00:00, run_after=2025-02-18T00:00:00+00:00
[2025-02-17T18:46:05.442+0000] {processor.py:175} INFO - Processing /opt/airflow/dags/etl_dag.py took 0.209 seconds
[2025-02-17T18:46:35.590+0000] {processor.py:153} INFO - Started process (PID=288) to work on /opt/airflow/dags/etl_dag.py
[2025-02-17T18:46:35.592+0000] {processor.py:743} INFO - Processing file /opt/airflow/dags/etl_dag.py for tasks to queue
[2025-02-17T18:46:35.594+0000] {logging_mixin.py:137} INFO - [2025-02-17T18:46:35.593+0000] {dagbag.py:538} INFO - Filling up the DagBag from /opt/airflow/dags/etl_dag.py
[2025-02-17T18:46:35.666+0000] {processor.py:753} INFO - DAG(s) dict_keys(['etl_pipeline']) retrieved from /opt/airflow/dags/etl_dag.py
[2025-02-17T18:46:35.707+0000] {logging_mixin.py:137} INFO - [2025-02-17T18:46:35.707+0000] {dag.py:2690} INFO - Sync 1 DAGs
[2025-02-17T18:46:35.744+0000] {logging_mixin.py:137} INFO - [2025-02-17T18:46:35.744+0000] {dag.py:3441} INFO - Setting next_dagrun for etl_pipeline to 2025-02-17T00:00:00+00:00, run_after=2025-02-18T00:00:00+00:00
[2025-02-17T18:46:35.795+0000] {processor.py:175} INFO - Processing /opt/airflow/dags/etl_dag.py took 0.212 seconds
[2025-02-17T18:47:06.163+0000] {processor.py:153} INFO - Started process (PID=293) to work on /opt/airflow/dags/etl_dag.py
[2025-02-17T18:47:06.165+0000] {processor.py:743} INFO - Processing file /opt/airflow/dags/etl_dag.py for tasks to queue
[2025-02-17T18:47:06.166+0000] {logging_mixin.py:137} INFO - [2025-02-17T18:47:06.166+0000] {dagbag.py:538} INFO - Filling up the DagBag from /opt/airflow/dags/etl_dag.py
[2025-02-17T18:47:06.221+0000] {processor.py:753} INFO - DAG(s) dict_keys(['etl_pipeline']) retrieved from /opt/airflow/dags/etl_dag.py
[2025-02-17T18:47:06.259+0000] {logging_mixin.py:137} INFO - [2025-02-17T18:47:06.259+0000] {dag.py:2690} INFO - Sync 1 DAGs
[2025-02-17T18:47:06.298+0000] {logging_mixin.py:137} INFO - [2025-02-17T18:47:06.298+0000] {dag.py:3441} INFO - Setting next_dagrun for etl_pipeline to 2025-02-17T00:00:00+00:00, run_after=2025-02-18T00:00:00+00:00
[2025-02-17T18:47:06.329+0000] {processor.py:175} INFO - Processing /opt/airflow/dags/etl_dag.py took 0.170 seconds
[2025-02-17T18:47:36.508+0000] {processor.py:153} INFO - Started process (PID=298) to work on /opt/airflow/dags/etl_dag.py
[2025-02-17T18:47:36.509+0000] {processor.py:743} INFO - Processing file /opt/airflow/dags/etl_dag.py for tasks to queue
[2025-02-17T18:47:36.511+0000] {logging_mixin.py:137} INFO - [2025-02-17T18:47:36.511+0000] {dagbag.py:538} INFO - Filling up the DagBag from /opt/airflow/dags/etl_dag.py
[2025-02-17T18:47:36.576+0000] {processor.py:753} INFO - DAG(s) dict_keys(['etl_pipeline']) retrieved from /opt/airflow/dags/etl_dag.py
[2025-02-17T18:47:36.614+0000] {logging_mixin.py:137} INFO - [2025-02-17T18:47:36.613+0000] {dag.py:2690} INFO - Sync 1 DAGs
[2025-02-17T18:47:36.656+0000] {logging_mixin.py:137} INFO - [2025-02-17T18:47:36.655+0000] {dag.py:3441} INFO - Setting next_dagrun for etl_pipeline to 2025-02-17T00:00:00+00:00, run_after=2025-02-18T00:00:00+00:00
[2025-02-17T18:47:36.687+0000] {processor.py:175} INFO - Processing /opt/airflow/dags/etl_dag.py took 0.184 seconds
[2025-02-17T18:48:07.018+0000] {processor.py:153} INFO - Started process (PID=303) to work on /opt/airflow/dags/etl_dag.py
[2025-02-17T18:48:07.020+0000] {processor.py:743} INFO - Processing file /opt/airflow/dags/etl_dag.py for tasks to queue
[2025-02-17T18:48:07.022+0000] {logging_mixin.py:137} INFO - [2025-02-17T18:48:07.021+0000] {dagbag.py:538} INFO - Filling up the DagBag from /opt/airflow/dags/etl_dag.py
[2025-02-17T18:48:07.075+0000] {processor.py:753} INFO - DAG(s) dict_keys(['etl_pipeline']) retrieved from /opt/airflow/dags/etl_dag.py
[2025-02-17T18:48:07.107+0000] {logging_mixin.py:137} INFO - [2025-02-17T18:48:07.107+0000] {dag.py:2690} INFO - Sync 1 DAGs
[2025-02-17T18:48:07.141+0000] {logging_mixin.py:137} INFO - [2025-02-17T18:48:07.141+0000] {dag.py:3441} INFO - Setting next_dagrun for etl_pipeline to 2025-02-17T00:00:00+00:00, run_after=2025-02-18T00:00:00+00:00
[2025-02-17T18:48:07.172+0000] {processor.py:175} INFO - Processing /opt/airflow/dags/etl_dag.py took 0.160 seconds
[2025-02-17T18:48:37.359+0000] {processor.py:153} INFO - Started process (PID=308) to work on /opt/airflow/dags/etl_dag.py
[2025-02-17T18:48:37.361+0000] {processor.py:743} INFO - Processing file /opt/airflow/dags/etl_dag.py for tasks to queue
[2025-02-17T18:48:37.363+0000] {logging_mixin.py:137} INFO - [2025-02-17T18:48:37.362+0000] {dagbag.py:538} INFO - Filling up the DagBag from /opt/airflow/dags/etl_dag.py
[2025-02-17T18:48:37.426+0000] {processor.py:753} INFO - DAG(s) dict_keys(['etl_pipeline']) retrieved from /opt/airflow/dags/etl_dag.py
[2025-02-17T18:48:37.473+0000] {logging_mixin.py:137} INFO - [2025-02-17T18:48:37.473+0000] {dag.py:2690} INFO - Sync 1 DAGs
[2025-02-17T18:48:37.511+0000] {logging_mixin.py:137} INFO - [2025-02-17T18:48:37.510+0000] {dag.py:3441} INFO - Setting next_dagrun for etl_pipeline to 2025-02-17T00:00:00+00:00, run_after=2025-02-18T00:00:00+00:00
[2025-02-17T18:48:37.554+0000] {processor.py:175} INFO - Processing /opt/airflow/dags/etl_dag.py took 0.201 seconds
[2025-02-17T18:49:07.960+0000] {processor.py:153} INFO - Started process (PID=313) to work on /opt/airflow/dags/etl_dag.py
[2025-02-17T18:49:07.961+0000] {processor.py:743} INFO - Processing file /opt/airflow/dags/etl_dag.py for tasks to queue
[2025-02-17T18:49:07.963+0000] {logging_mixin.py:137} INFO - [2025-02-17T18:49:07.963+0000] {dagbag.py:538} INFO - Filling up the DagBag from /opt/airflow/dags/etl_dag.py
[2025-02-17T18:49:08.024+0000] {processor.py:753} INFO - DAG(s) dict_keys(['etl_pipeline']) retrieved from /opt/airflow/dags/etl_dag.py
[2025-02-17T18:49:08.064+0000] {logging_mixin.py:137} INFO - [2025-02-17T18:49:08.064+0000] {dag.py:2690} INFO - Sync 1 DAGs
[2025-02-17T18:49:08.101+0000] {logging_mixin.py:137} INFO - [2025-02-17T18:49:08.101+0000] {dag.py:3441} INFO - Setting next_dagrun for etl_pipeline to 2025-02-17T00:00:00+00:00, run_after=2025-02-18T00:00:00+00:00
[2025-02-17T18:49:08.150+0000] {processor.py:175} INFO - Processing /opt/airflow/dags/etl_dag.py took 0.196 seconds
[2025-02-17T18:49:38.276+0000] {processor.py:153} INFO - Started process (PID=318) to work on /opt/airflow/dags/etl_dag.py
[2025-02-17T18:49:38.278+0000] {processor.py:743} INFO - Processing file /opt/airflow/dags/etl_dag.py for tasks to queue
[2025-02-17T18:49:38.280+0000] {logging_mixin.py:137} INFO - [2025-02-17T18:49:38.280+0000] {dagbag.py:538} INFO - Filling up the DagBag from /opt/airflow/dags/etl_dag.py
[2025-02-17T18:49:38.339+0000] {processor.py:753} INFO - DAG(s) dict_keys(['etl_pipeline']) retrieved from /opt/airflow/dags/etl_dag.py
[2025-02-17T18:49:38.379+0000] {logging_mixin.py:137} INFO - [2025-02-17T18:49:38.379+0000] {dag.py:2690} INFO - Sync 1 DAGs
[2025-02-17T18:49:38.424+0000] {logging_mixin.py:137} INFO - [2025-02-17T18:49:38.424+0000] {dag.py:3441} INFO - Setting next_dagrun for etl_pipeline to 2025-02-17T00:00:00+00:00, run_after=2025-02-18T00:00:00+00:00
[2025-02-17T18:49:38.479+0000] {processor.py:175} INFO - Processing /opt/airflow/dags/etl_dag.py took 0.209 seconds
[2025-02-17T18:50:08.852+0000] {processor.py:153} INFO - Started process (PID=323) to work on /opt/airflow/dags/etl_dag.py
[2025-02-17T18:50:08.853+0000] {processor.py:743} INFO - Processing file /opt/airflow/dags/etl_dag.py for tasks to queue
[2025-02-17T18:50:08.855+0000] {logging_mixin.py:137} INFO - [2025-02-17T18:50:08.855+0000] {dagbag.py:538} INFO - Filling up the DagBag from /opt/airflow/dags/etl_dag.py
[2025-02-17T18:50:08.916+0000] {processor.py:753} INFO - DAG(s) dict_keys(['etl_pipeline']) retrieved from /opt/airflow/dags/etl_dag.py
[2025-02-17T18:50:08.957+0000] {logging_mixin.py:137} INFO - [2025-02-17T18:50:08.957+0000] {dag.py:2690} INFO - Sync 1 DAGs
[2025-02-17T18:50:08.993+0000] {logging_mixin.py:137} INFO - [2025-02-17T18:50:08.993+0000] {dag.py:3441} INFO - Setting next_dagrun for etl_pipeline to 2025-02-17T00:00:00+00:00, run_after=2025-02-18T00:00:00+00:00
[2025-02-17T18:50:09.034+0000] {processor.py:175} INFO - Processing /opt/airflow/dags/etl_dag.py took 0.187 seconds
[2025-02-17T18:50:39.189+0000] {processor.py:153} INFO - Started process (PID=328) to work on /opt/airflow/dags/etl_dag.py
[2025-02-17T18:50:39.190+0000] {processor.py:743} INFO - Processing file /opt/airflow/dags/etl_dag.py for tasks to queue
[2025-02-17T18:50:39.192+0000] {logging_mixin.py:137} INFO - [2025-02-17T18:50:39.191+0000] {dagbag.py:538} INFO - Filling up the DagBag from /opt/airflow/dags/etl_dag.py
[2025-02-17T18:50:39.252+0000] {processor.py:753} INFO - DAG(s) dict_keys(['etl_pipeline']) retrieved from /opt/airflow/dags/etl_dag.py
[2025-02-17T18:50:39.288+0000] {logging_mixin.py:137} INFO - [2025-02-17T18:50:39.287+0000] {dag.py:2690} INFO - Sync 1 DAGs
[2025-02-17T18:50:39.328+0000] {logging_mixin.py:137} INFO - [2025-02-17T18:50:39.328+0000] {dag.py:3441} INFO - Setting next_dagrun for etl_pipeline to 2025-02-17T00:00:00+00:00, run_after=2025-02-18T00:00:00+00:00
[2025-02-17T18:50:39.372+0000] {processor.py:175} INFO - Processing /opt/airflow/dags/etl_dag.py took 0.189 seconds
[2025-02-17T18:51:09.705+0000] {processor.py:153} INFO - Started process (PID=335) to work on /opt/airflow/dags/etl_dag.py
[2025-02-17T18:51:09.707+0000] {processor.py:743} INFO - Processing file /opt/airflow/dags/etl_dag.py for tasks to queue
[2025-02-17T18:51:09.708+0000] {logging_mixin.py:137} INFO - [2025-02-17T18:51:09.708+0000] {dagbag.py:538} INFO - Filling up the DagBag from /opt/airflow/dags/etl_dag.py
[2025-02-17T18:51:09.761+0000] {processor.py:753} INFO - DAG(s) dict_keys(['etl_pipeline']) retrieved from /opt/airflow/dags/etl_dag.py
[2025-02-17T18:51:09.800+0000] {logging_mixin.py:137} INFO - [2025-02-17T18:51:09.800+0000] {dag.py:2690} INFO - Sync 1 DAGs
[2025-02-17T18:51:09.842+0000] {logging_mixin.py:137} INFO - [2025-02-17T18:51:09.841+0000] {dag.py:3441} INFO - Setting next_dagrun for etl_pipeline to 2025-02-17T00:00:00+00:00, run_after=2025-02-18T00:00:00+00:00
[2025-02-17T18:51:09.881+0000] {processor.py:175} INFO - Processing /opt/airflow/dags/etl_dag.py took 0.180 seconds
[2025-02-17T18:51:40.053+0000] {processor.py:153} INFO - Started process (PID=340) to work on /opt/airflow/dags/etl_dag.py
[2025-02-17T18:51:40.055+0000] {processor.py:743} INFO - Processing file /opt/airflow/dags/etl_dag.py for tasks to queue
[2025-02-17T18:51:40.057+0000] {logging_mixin.py:137} INFO - [2025-02-17T18:51:40.057+0000] {dagbag.py:538} INFO - Filling up the DagBag from /opt/airflow/dags/etl_dag.py
[2025-02-17T18:51:40.119+0000] {processor.py:753} INFO - DAG(s) dict_keys(['etl_pipeline']) retrieved from /opt/airflow/dags/etl_dag.py
[2025-02-17T18:51:40.164+0000] {logging_mixin.py:137} INFO - [2025-02-17T18:51:40.164+0000] {dag.py:2690} INFO - Sync 1 DAGs
[2025-02-17T18:51:40.219+0000] {logging_mixin.py:137} INFO - [2025-02-17T18:51:40.218+0000] {dag.py:3441} INFO - Setting next_dagrun for etl_pipeline to 2025-02-17T00:00:00+00:00, run_after=2025-02-18T00:00:00+00:00
[2025-02-17T18:51:40.273+0000] {processor.py:175} INFO - Processing /opt/airflow/dags/etl_dag.py took 0.226 seconds
[2025-02-17T18:52:10.529+0000] {processor.py:153} INFO - Started process (PID=345) to work on /opt/airflow/dags/etl_dag.py
[2025-02-17T18:52:10.531+0000] {processor.py:743} INFO - Processing file /opt/airflow/dags/etl_dag.py for tasks to queue
[2025-02-17T18:52:10.533+0000] {logging_mixin.py:137} INFO - [2025-02-17T18:52:10.532+0000] {dagbag.py:538} INFO - Filling up the DagBag from /opt/airflow/dags/etl_dag.py
[2025-02-17T18:52:10.581+0000] {processor.py:753} INFO - DAG(s) dict_keys(['etl_pipeline']) retrieved from /opt/airflow/dags/etl_dag.py
[2025-02-17T18:52:10.620+0000] {logging_mixin.py:137} INFO - [2025-02-17T18:52:10.619+0000] {dag.py:2690} INFO - Sync 1 DAGs
[2025-02-17T18:52:10.661+0000] {logging_mixin.py:137} INFO - [2025-02-17T18:52:10.661+0000] {dag.py:3441} INFO - Setting next_dagrun for etl_pipeline to 2025-02-17T00:00:00+00:00, run_after=2025-02-18T00:00:00+00:00
[2025-02-17T18:52:10.700+0000] {processor.py:175} INFO - Processing /opt/airflow/dags/etl_dag.py took 0.176 seconds
[2025-02-17T18:52:40.974+0000] {processor.py:153} INFO - Started process (PID=350) to work on /opt/airflow/dags/etl_dag.py
[2025-02-17T18:52:40.976+0000] {processor.py:743} INFO - Processing file /opt/airflow/dags/etl_dag.py for tasks to queue
[2025-02-17T18:52:40.978+0000] {logging_mixin.py:137} INFO - [2025-02-17T18:52:40.977+0000] {dagbag.py:538} INFO - Filling up the DagBag from /opt/airflow/dags/etl_dag.py
[2025-02-17T18:52:41.039+0000] {processor.py:753} INFO - DAG(s) dict_keys(['etl_pipeline']) retrieved from /opt/airflow/dags/etl_dag.py
[2025-02-17T18:52:41.081+0000] {logging_mixin.py:137} INFO - [2025-02-17T18:52:41.081+0000] {dag.py:2690} INFO - Sync 1 DAGs
[2025-02-17T18:52:41.119+0000] {logging_mixin.py:137} INFO - [2025-02-17T18:52:41.119+0000] {dag.py:3441} INFO - Setting next_dagrun for etl_pipeline to 2025-02-17T00:00:00+00:00, run_after=2025-02-18T00:00:00+00:00
[2025-02-17T18:52:41.168+0000] {processor.py:175} INFO - Processing /opt/airflow/dags/etl_dag.py took 0.200 seconds
[2025-02-17T18:53:11.389+0000] {processor.py:153} INFO - Started process (PID=355) to work on /opt/airflow/dags/etl_dag.py
[2025-02-17T18:53:11.390+0000] {processor.py:743} INFO - Processing file /opt/airflow/dags/etl_dag.py for tasks to queue
[2025-02-17T18:53:11.392+0000] {logging_mixin.py:137} INFO - [2025-02-17T18:53:11.392+0000] {dagbag.py:538} INFO - Filling up the DagBag from /opt/airflow/dags/etl_dag.py
[2025-02-17T18:53:11.442+0000] {processor.py:753} INFO - DAG(s) dict_keys(['etl_pipeline']) retrieved from /opt/airflow/dags/etl_dag.py
[2025-02-17T18:53:11.477+0000] {logging_mixin.py:137} INFO - [2025-02-17T18:53:11.477+0000] {dag.py:2690} INFO - Sync 1 DAGs
[2025-02-17T18:53:11.518+0000] {logging_mixin.py:137} INFO - [2025-02-17T18:53:11.518+0000] {dag.py:3441} INFO - Setting next_dagrun for etl_pipeline to 2025-02-17T00:00:00+00:00, run_after=2025-02-18T00:00:00+00:00
[2025-02-17T18:53:11.548+0000] {processor.py:175} INFO - Processing /opt/airflow/dags/etl_dag.py took 0.164 seconds
[2025-02-17T18:53:41.680+0000] {processor.py:153} INFO - Started process (PID=360) to work on /opt/airflow/dags/etl_dag.py
[2025-02-17T18:53:41.681+0000] {processor.py:743} INFO - Processing file /opt/airflow/dags/etl_dag.py for tasks to queue
[2025-02-17T18:53:41.683+0000] {logging_mixin.py:137} INFO - [2025-02-17T18:53:41.682+0000] {dagbag.py:538} INFO - Filling up the DagBag from /opt/airflow/dags/etl_dag.py
[2025-02-17T18:53:41.728+0000] {processor.py:753} INFO - DAG(s) dict_keys(['etl_pipeline']) retrieved from /opt/airflow/dags/etl_dag.py
[2025-02-17T18:53:41.761+0000] {logging_mixin.py:137} INFO - [2025-02-17T18:53:41.761+0000] {dag.py:2690} INFO - Sync 1 DAGs
[2025-02-17T18:53:41.794+0000] {logging_mixin.py:137} INFO - [2025-02-17T18:53:41.794+0000] {dag.py:3441} INFO - Setting next_dagrun for etl_pipeline to 2025-02-17T00:00:00+00:00, run_after=2025-02-18T00:00:00+00:00
[2025-02-17T18:53:41.824+0000] {processor.py:175} INFO - Processing /opt/airflow/dags/etl_dag.py took 0.149 seconds
[2025-02-17T19:02:25.373+0000] {processor.py:153} INFO - Started process (PID=248) to work on /opt/airflow/dags/etl_dag.py
[2025-02-17T19:02:25.374+0000] {processor.py:743} INFO - Processing file /opt/airflow/dags/etl_dag.py for tasks to queue
[2025-02-17T19:02:25.375+0000] {logging_mixin.py:137} INFO - [2025-02-17T19:02:25.375+0000] {dagbag.py:538} INFO - Filling up the DagBag from /opt/airflow/dags/etl_dag.py
[2025-02-17T19:02:25.422+0000] {processor.py:753} INFO - DAG(s) dict_keys(['etl_pipeline']) retrieved from /opt/airflow/dags/etl_dag.py
[2025-02-17T19:02:25.600+0000] {logging_mixin.py:137} INFO - [2025-02-17T19:02:25.600+0000] {dag.py:2690} INFO - Sync 1 DAGs
[2025-02-17T19:02:25.634+0000] {logging_mixin.py:137} INFO - [2025-02-17T19:02:25.633+0000] {dag.py:3441} INFO - Setting next_dagrun for etl_pipeline to 2025-02-17T00:00:00+00:00, run_after=2025-02-18T00:00:00+00:00
[2025-02-17T19:02:25.666+0000] {processor.py:175} INFO - Processing /opt/airflow/dags/etl_dag.py took 0.296 seconds
[2025-02-17T19:02:55.880+0000] {processor.py:153} INFO - Started process (PID=261) to work on /opt/airflow/dags/etl_dag.py
[2025-02-17T19:02:55.882+0000] {processor.py:743} INFO - Processing file /opt/airflow/dags/etl_dag.py for tasks to queue
[2025-02-17T19:02:55.884+0000] {logging_mixin.py:137} INFO - [2025-02-17T19:02:55.884+0000] {dagbag.py:538} INFO - Filling up the DagBag from /opt/airflow/dags/etl_dag.py
[2025-02-17T19:02:55.956+0000] {processor.py:753} INFO - DAG(s) dict_keys(['etl_pipeline']) retrieved from /opt/airflow/dags/etl_dag.py
[2025-02-17T19:02:55.990+0000] {logging_mixin.py:137} INFO - [2025-02-17T19:02:55.990+0000] {dag.py:2690} INFO - Sync 1 DAGs
[2025-02-17T19:02:56.028+0000] {logging_mixin.py:137} INFO - [2025-02-17T19:02:56.028+0000] {dag.py:3441} INFO - Setting next_dagrun for etl_pipeline to 2025-02-17T00:00:00+00:00, run_after=2025-02-18T00:00:00+00:00
[2025-02-17T19:02:56.078+0000] {processor.py:175} INFO - Processing /opt/airflow/dags/etl_dag.py took 0.204 seconds
[2025-02-17T19:03:26.340+0000] {processor.py:153} INFO - Started process (PID=266) to work on /opt/airflow/dags/etl_dag.py
[2025-02-17T19:03:26.342+0000] {processor.py:743} INFO - Processing file /opt/airflow/dags/etl_dag.py for tasks to queue
[2025-02-17T19:03:26.344+0000] {logging_mixin.py:137} INFO - [2025-02-17T19:03:26.343+0000] {dagbag.py:538} INFO - Filling up the DagBag from /opt/airflow/dags/etl_dag.py
[2025-02-17T19:03:26.398+0000] {processor.py:753} INFO - DAG(s) dict_keys(['etl_pipeline']) retrieved from /opt/airflow/dags/etl_dag.py
[2025-02-17T19:03:26.432+0000] {logging_mixin.py:137} INFO - [2025-02-17T19:03:26.432+0000] {dag.py:2690} INFO - Sync 1 DAGs
[2025-02-17T19:03:26.467+0000] {logging_mixin.py:137} INFO - [2025-02-17T19:03:26.467+0000] {dag.py:3441} INFO - Setting next_dagrun for etl_pipeline to 2025-02-17T00:00:00+00:00, run_after=2025-02-18T00:00:00+00:00
[2025-02-17T19:03:26.497+0000] {processor.py:175} INFO - Processing /opt/airflow/dags/etl_dag.py took 0.162 seconds
[2025-02-17T19:03:56.732+0000] {processor.py:153} INFO - Started process (PID=271) to work on /opt/airflow/dags/etl_dag.py
[2025-02-17T19:03:56.733+0000] {processor.py:743} INFO - Processing file /opt/airflow/dags/etl_dag.py for tasks to queue
[2025-02-17T19:03:56.734+0000] {logging_mixin.py:137} INFO - [2025-02-17T19:03:56.734+0000] {dagbag.py:538} INFO - Filling up the DagBag from /opt/airflow/dags/etl_dag.py
[2025-02-17T19:03:56.775+0000] {processor.py:753} INFO - DAG(s) dict_keys(['etl_pipeline']) retrieved from /opt/airflow/dags/etl_dag.py
[2025-02-17T19:03:56.812+0000] {logging_mixin.py:137} INFO - [2025-02-17T19:03:56.811+0000] {dag.py:2690} INFO - Sync 1 DAGs
[2025-02-17T19:03:56.857+0000] {logging_mixin.py:137} INFO - [2025-02-17T19:03:56.856+0000] {dag.py:3441} INFO - Setting next_dagrun for etl_pipeline to 2025-02-17T00:00:00+00:00, run_after=2025-02-18T00:00:00+00:00
[2025-02-17T19:03:56.908+0000] {processor.py:175} INFO - Processing /opt/airflow/dags/etl_dag.py took 0.179 seconds
[2025-02-17T19:04:27.171+0000] {processor.py:153} INFO - Started process (PID=276) to work on /opt/airflow/dags/etl_dag.py
[2025-02-17T19:04:27.172+0000] {processor.py:743} INFO - Processing file /opt/airflow/dags/etl_dag.py for tasks to queue
[2025-02-17T19:04:27.174+0000] {logging_mixin.py:137} INFO - [2025-02-17T19:04:27.174+0000] {dagbag.py:538} INFO - Filling up the DagBag from /opt/airflow/dags/etl_dag.py
[2025-02-17T19:04:27.239+0000] {processor.py:753} INFO - DAG(s) dict_keys(['etl_pipeline']) retrieved from /opt/airflow/dags/etl_dag.py
[2025-02-17T19:04:27.277+0000] {logging_mixin.py:137} INFO - [2025-02-17T19:04:27.277+0000] {dag.py:2690} INFO - Sync 1 DAGs
[2025-02-17T19:04:27.315+0000] {logging_mixin.py:137} INFO - [2025-02-17T19:04:27.315+0000] {dag.py:3441} INFO - Setting next_dagrun for etl_pipeline to 2025-02-17T00:00:00+00:00, run_after=2025-02-18T00:00:00+00:00
[2025-02-17T19:04:27.345+0000] {processor.py:175} INFO - Processing /opt/airflow/dags/etl_dag.py took 0.179 seconds
[2025-02-17T19:04:57.597+0000] {processor.py:153} INFO - Started process (PID=281) to work on /opt/airflow/dags/etl_dag.py
[2025-02-17T19:04:57.599+0000] {processor.py:743} INFO - Processing file /opt/airflow/dags/etl_dag.py for tasks to queue
[2025-02-17T19:04:57.600+0000] {logging_mixin.py:137} INFO - [2025-02-17T19:04:57.600+0000] {dagbag.py:538} INFO - Filling up the DagBag from /opt/airflow/dags/etl_dag.py
[2025-02-17T19:04:57.662+0000] {processor.py:753} INFO - DAG(s) dict_keys(['etl_pipeline']) retrieved from /opt/airflow/dags/etl_dag.py
[2025-02-17T19:04:57.693+0000] {logging_mixin.py:137} INFO - [2025-02-17T19:04:57.693+0000] {dag.py:2690} INFO - Sync 1 DAGs
[2025-02-17T19:04:57.727+0000] {logging_mixin.py:137} INFO - [2025-02-17T19:04:57.727+0000] {dag.py:3441} INFO - Setting next_dagrun for etl_pipeline to 2025-02-17T00:00:00+00:00, run_after=2025-02-18T00:00:00+00:00
[2025-02-17T19:04:57.769+0000] {processor.py:175} INFO - Processing /opt/airflow/dags/etl_dag.py took 0.177 seconds
[2025-02-17T19:05:27.982+0000] {processor.py:153} INFO - Started process (PID=286) to work on /opt/airflow/dags/etl_dag.py
[2025-02-17T19:05:27.984+0000] {processor.py:743} INFO - Processing file /opt/airflow/dags/etl_dag.py for tasks to queue
[2025-02-17T19:05:27.986+0000] {logging_mixin.py:137} INFO - [2025-02-17T19:05:27.986+0000] {dagbag.py:538} INFO - Filling up the DagBag from /opt/airflow/dags/etl_dag.py
[2025-02-17T19:05:28.038+0000] {processor.py:753} INFO - DAG(s) dict_keys(['etl_pipeline']) retrieved from /opt/airflow/dags/etl_dag.py
[2025-02-17T19:05:28.079+0000] {logging_mixin.py:137} INFO - [2025-02-17T19:05:28.079+0000] {dag.py:2690} INFO - Sync 1 DAGs
[2025-02-17T19:05:28.110+0000] {logging_mixin.py:137} INFO - [2025-02-17T19:05:28.110+0000] {dag.py:3441} INFO - Setting next_dagrun for etl_pipeline to 2025-02-17T00:00:00+00:00, run_after=2025-02-18T00:00:00+00:00
[2025-02-17T19:05:28.157+0000] {processor.py:175} INFO - Processing /opt/airflow/dags/etl_dag.py took 0.181 seconds
[2025-02-17T19:05:58.437+0000] {processor.py:153} INFO - Started process (PID=291) to work on /opt/airflow/dags/etl_dag.py
[2025-02-17T19:05:58.439+0000] {processor.py:743} INFO - Processing file /opt/airflow/dags/etl_dag.py for tasks to queue
[2025-02-17T19:05:58.440+0000] {logging_mixin.py:137} INFO - [2025-02-17T19:05:58.440+0000] {dagbag.py:538} INFO - Filling up the DagBag from /opt/airflow/dags/etl_dag.py
[2025-02-17T19:05:58.503+0000] {processor.py:753} INFO - DAG(s) dict_keys(['etl_pipeline']) retrieved from /opt/airflow/dags/etl_dag.py
[2025-02-17T19:05:58.536+0000] {logging_mixin.py:137} INFO - [2025-02-17T19:05:58.535+0000] {dag.py:2690} INFO - Sync 1 DAGs
[2025-02-17T19:05:58.572+0000] {logging_mixin.py:137} INFO - [2025-02-17T19:05:58.572+0000] {dag.py:3441} INFO - Setting next_dagrun for etl_pipeline to 2025-02-17T00:00:00+00:00, run_after=2025-02-18T00:00:00+00:00
[2025-02-17T19:05:58.599+0000] {processor.py:175} INFO - Processing /opt/airflow/dags/etl_dag.py took 0.166 seconds
[2025-02-17T19:06:28.781+0000] {processor.py:153} INFO - Started process (PID=296) to work on /opt/airflow/dags/etl_dag.py
[2025-02-17T19:06:28.783+0000] {processor.py:743} INFO - Processing file /opt/airflow/dags/etl_dag.py for tasks to queue
[2025-02-17T19:06:28.785+0000] {logging_mixin.py:137} INFO - [2025-02-17T19:06:28.785+0000] {dagbag.py:538} INFO - Filling up the DagBag from /opt/airflow/dags/etl_dag.py
[2025-02-17T19:06:28.853+0000] {processor.py:753} INFO - DAG(s) dict_keys(['etl_pipeline']) retrieved from /opt/airflow/dags/etl_dag.py
[2025-02-17T19:06:28.883+0000] {logging_mixin.py:137} INFO - [2025-02-17T19:06:28.883+0000] {dag.py:2690} INFO - Sync 1 DAGs
[2025-02-17T19:06:28.915+0000] {logging_mixin.py:137} INFO - [2025-02-17T19:06:28.915+0000] {dag.py:3441} INFO - Setting next_dagrun for etl_pipeline to 2025-02-17T00:00:00+00:00, run_after=2025-02-18T00:00:00+00:00
[2025-02-17T19:06:28.954+0000] {processor.py:175} INFO - Processing /opt/airflow/dags/etl_dag.py took 0.179 seconds
[2025-02-17T19:06:32.935+0000] {processor.py:153} INFO - Started process (PID=301) to work on /opt/airflow/dags/etl_dag.py
[2025-02-17T19:06:32.937+0000] {processor.py:743} INFO - Processing file /opt/airflow/dags/etl_dag.py for tasks to queue
[2025-02-17T19:06:32.939+0000] {logging_mixin.py:137} INFO - [2025-02-17T19:06:32.938+0000] {dagbag.py:538} INFO - Filling up the DagBag from /opt/airflow/dags/etl_dag.py
[2025-02-17T19:06:33.052+0000] {processor.py:753} INFO - DAG(s) dict_keys(['etl_pipeline']) retrieved from /opt/airflow/dags/etl_dag.py
[2025-02-17T19:06:33.093+0000] {logging_mixin.py:137} INFO - [2025-02-17T19:06:33.093+0000] {dag.py:2690} INFO - Sync 1 DAGs
[2025-02-17T19:06:33.132+0000] {logging_mixin.py:137} INFO - [2025-02-17T19:06:33.132+0000] {dag.py:3441} INFO - Setting next_dagrun for etl_pipeline to 2025-02-17T00:00:00+00:00, run_after=2025-02-18T00:00:00+00:00
[2025-02-17T19:06:33.189+0000] {processor.py:175} INFO - Processing /opt/airflow/dags/etl_dag.py took 0.259 seconds
[2025-02-17T19:06:34.072+0000] {processor.py:153} INFO - Started process (PID=306) to work on /opt/airflow/dags/etl_dag.py
[2025-02-17T19:06:34.075+0000] {processor.py:743} INFO - Processing file /opt/airflow/dags/etl_dag.py for tasks to queue
[2025-02-17T19:06:34.077+0000] {logging_mixin.py:137} INFO - [2025-02-17T19:06:34.076+0000] {dagbag.py:538} INFO - Filling up the DagBag from /opt/airflow/dags/etl_dag.py
[2025-02-17T19:06:34.167+0000] {processor.py:753} INFO - DAG(s) dict_keys(['etl_pipeline']) retrieved from /opt/airflow/dags/etl_dag.py
[2025-02-17T19:06:34.204+0000] {logging_mixin.py:137} INFO - [2025-02-17T19:06:34.204+0000] {dag.py:2690} INFO - Sync 1 DAGs
[2025-02-17T19:06:34.237+0000] {logging_mixin.py:137} INFO - [2025-02-17T19:06:34.237+0000] {dag.py:3441} INFO - Setting next_dagrun for etl_pipeline to 2025-02-17T00:00:00+00:00, run_after=2025-02-18T00:00:00+00:00
[2025-02-17T19:06:34.276+0000] {processor.py:175} INFO - Processing /opt/airflow/dags/etl_dag.py took 0.209 seconds
[2025-02-17T19:07:04.564+0000] {processor.py:153} INFO - Started process (PID=311) to work on /opt/airflow/dags/etl_dag.py
[2025-02-17T19:07:04.565+0000] {processor.py:743} INFO - Processing file /opt/airflow/dags/etl_dag.py for tasks to queue
[2025-02-17T19:07:04.566+0000] {logging_mixin.py:137} INFO - [2025-02-17T19:07:04.566+0000] {dagbag.py:538} INFO - Filling up the DagBag from /opt/airflow/dags/etl_dag.py
[2025-02-17T19:07:04.613+0000] {processor.py:753} INFO - DAG(s) dict_keys(['etl_pipeline']) retrieved from /opt/airflow/dags/etl_dag.py
[2025-02-17T19:07:04.643+0000] {logging_mixin.py:137} INFO - [2025-02-17T19:07:04.643+0000] {dag.py:2690} INFO - Sync 1 DAGs
[2025-02-17T19:07:04.677+0000] {logging_mixin.py:137} INFO - [2025-02-17T19:07:04.676+0000] {dag.py:3441} INFO - Setting next_dagrun for etl_pipeline to 2025-02-17T00:00:00+00:00, run_after=2025-02-18T00:00:00+00:00
[2025-02-17T19:07:04.714+0000] {processor.py:175} INFO - Processing /opt/airflow/dags/etl_dag.py took 0.154 seconds
[2025-02-17T19:07:34.966+0000] {processor.py:153} INFO - Started process (PID=319) to work on /opt/airflow/dags/etl_dag.py
[2025-02-17T19:07:34.968+0000] {processor.py:743} INFO - Processing file /opt/airflow/dags/etl_dag.py for tasks to queue
[2025-02-17T19:07:34.969+0000] {logging_mixin.py:137} INFO - [2025-02-17T19:07:34.969+0000] {dagbag.py:538} INFO - Filling up the DagBag from /opt/airflow/dags/etl_dag.py
[2025-02-17T19:07:35.037+0000] {processor.py:753} INFO - DAG(s) dict_keys(['etl_pipeline']) retrieved from /opt/airflow/dags/etl_dag.py
[2025-02-17T19:07:35.072+0000] {logging_mixin.py:137} INFO - [2025-02-17T19:07:35.072+0000] {dag.py:2690} INFO - Sync 1 DAGs
[2025-02-17T19:07:35.112+0000] {logging_mixin.py:137} INFO - [2025-02-17T19:07:35.111+0000] {dag.py:3441} INFO - Setting next_dagrun for etl_pipeline to 2025-02-17T00:00:00+00:00, run_after=2025-02-18T00:00:00+00:00
[2025-02-17T19:07:35.152+0000] {processor.py:175} INFO - Processing /opt/airflow/dags/etl_dag.py took 0.191 seconds
[2025-02-17T19:08:05.366+0000] {processor.py:153} INFO - Started process (PID=331) to work on /opt/airflow/dags/etl_dag.py
[2025-02-17T19:08:05.367+0000] {processor.py:743} INFO - Processing file /opt/airflow/dags/etl_dag.py for tasks to queue
[2025-02-17T19:08:05.369+0000] {logging_mixin.py:137} INFO - [2025-02-17T19:08:05.369+0000] {dagbag.py:538} INFO - Filling up the DagBag from /opt/airflow/dags/etl_dag.py
[2025-02-17T19:08:05.444+0000] {processor.py:753} INFO - DAG(s) dict_keys(['etl_pipeline']) retrieved from /opt/airflow/dags/etl_dag.py
[2025-02-17T19:08:05.480+0000] {logging_mixin.py:137} INFO - [2025-02-17T19:08:05.480+0000] {dag.py:2690} INFO - Sync 1 DAGs
[2025-02-17T19:08:05.511+0000] {logging_mixin.py:137} INFO - [2025-02-17T19:08:05.511+0000] {dag.py:3441} INFO - Setting next_dagrun for etl_pipeline to 2025-02-17T00:00:00+00:00, run_after=2025-02-18T00:00:00+00:00
[2025-02-17T19:08:05.559+0000] {processor.py:175} INFO - Processing /opt/airflow/dags/etl_dag.py took 0.199 seconds
[2025-02-17T19:08:35.792+0000] {processor.py:153} INFO - Started process (PID=336) to work on /opt/airflow/dags/etl_dag.py
[2025-02-17T19:08:35.793+0000] {processor.py:743} INFO - Processing file /opt/airflow/dags/etl_dag.py for tasks to queue
[2025-02-17T19:08:35.795+0000] {logging_mixin.py:137} INFO - [2025-02-17T19:08:35.795+0000] {dagbag.py:538} INFO - Filling up the DagBag from /opt/airflow/dags/etl_dag.py
[2025-02-17T19:08:35.844+0000] {processor.py:753} INFO - DAG(s) dict_keys(['etl_pipeline']) retrieved from /opt/airflow/dags/etl_dag.py
[2025-02-17T19:08:35.873+0000] {logging_mixin.py:137} INFO - [2025-02-17T19:08:35.873+0000] {dag.py:2690} INFO - Sync 1 DAGs
[2025-02-17T19:08:35.901+0000] {logging_mixin.py:137} INFO - [2025-02-17T19:08:35.901+0000] {dag.py:3441} INFO - Setting next_dagrun for etl_pipeline to 2025-02-17T00:00:00+00:00, run_after=2025-02-18T00:00:00+00:00
[2025-02-17T19:08:35.931+0000] {processor.py:175} INFO - Processing /opt/airflow/dags/etl_dag.py took 0.145 seconds
[2025-02-17T19:09:06.199+0000] {processor.py:153} INFO - Started process (PID=341) to work on /opt/airflow/dags/etl_dag.py
[2025-02-17T19:09:06.201+0000] {processor.py:743} INFO - Processing file /opt/airflow/dags/etl_dag.py for tasks to queue
[2025-02-17T19:09:06.202+0000] {logging_mixin.py:137} INFO - [2025-02-17T19:09:06.202+0000] {dagbag.py:538} INFO - Filling up the DagBag from /opt/airflow/dags/etl_dag.py
[2025-02-17T19:09:06.247+0000] {processor.py:753} INFO - DAG(s) dict_keys(['etl_pipeline']) retrieved from /opt/airflow/dags/etl_dag.py
[2025-02-17T19:09:06.280+0000] {logging_mixin.py:137} INFO - [2025-02-17T19:09:06.280+0000] {dag.py:2690} INFO - Sync 1 DAGs
[2025-02-17T19:09:06.331+0000] {logging_mixin.py:137} INFO - [2025-02-17T19:09:06.330+0000] {dag.py:3441} INFO - Setting next_dagrun for etl_pipeline to 2025-02-17T00:00:00+00:00, run_after=2025-02-18T00:00:00+00:00
[2025-02-17T19:09:06.365+0000] {processor.py:175} INFO - Processing /opt/airflow/dags/etl_dag.py took 0.170 seconds
[2025-02-17T19:09:36.591+0000] {processor.py:153} INFO - Started process (PID=346) to work on /opt/airflow/dags/etl_dag.py
[2025-02-17T19:09:36.592+0000] {processor.py:743} INFO - Processing file /opt/airflow/dags/etl_dag.py for tasks to queue
[2025-02-17T19:09:36.593+0000] {logging_mixin.py:137} INFO - [2025-02-17T19:09:36.593+0000] {dagbag.py:538} INFO - Filling up the DagBag from /opt/airflow/dags/etl_dag.py
[2025-02-17T19:09:36.630+0000] {processor.py:753} INFO - DAG(s) dict_keys(['etl_pipeline']) retrieved from /opt/airflow/dags/etl_dag.py
[2025-02-17T19:09:36.662+0000] {logging_mixin.py:137} INFO - [2025-02-17T19:09:36.662+0000] {dag.py:2690} INFO - Sync 1 DAGs
[2025-02-17T19:09:36.695+0000] {logging_mixin.py:137} INFO - [2025-02-17T19:09:36.695+0000] {dag.py:3441} INFO - Setting next_dagrun for etl_pipeline to 2025-02-17T00:00:00+00:00, run_after=2025-02-18T00:00:00+00:00
[2025-02-17T19:09:36.732+0000] {processor.py:175} INFO - Processing /opt/airflow/dags/etl_dag.py took 0.146 seconds
[2025-02-17T19:10:06.930+0000] {processor.py:153} INFO - Started process (PID=351) to work on /opt/airflow/dags/etl_dag.py
[2025-02-17T19:10:06.931+0000] {processor.py:743} INFO - Processing file /opt/airflow/dags/etl_dag.py for tasks to queue
[2025-02-17T19:10:06.933+0000] {logging_mixin.py:137} INFO - [2025-02-17T19:10:06.932+0000] {dagbag.py:538} INFO - Filling up the DagBag from /opt/airflow/dags/etl_dag.py
[2025-02-17T19:10:06.973+0000] {processor.py:753} INFO - DAG(s) dict_keys(['etl_pipeline']) retrieved from /opt/airflow/dags/etl_dag.py
[2025-02-17T19:10:07.010+0000] {logging_mixin.py:137} INFO - [2025-02-17T19:10:07.010+0000] {dag.py:2690} INFO - Sync 1 DAGs
[2025-02-17T19:10:07.050+0000] {logging_mixin.py:137} INFO - [2025-02-17T19:10:07.050+0000] {dag.py:3441} INFO - Setting next_dagrun for etl_pipeline to 2025-02-17T00:00:00+00:00, run_after=2025-02-18T00:00:00+00:00
[2025-02-17T19:10:07.078+0000] {processor.py:175} INFO - Processing /opt/airflow/dags/etl_dag.py took 0.153 seconds
[2025-02-17T19:15:16.734+0000] {processor.py:153} INFO - Started process (PID=248) to work on /opt/airflow/dags/etl_dag.py
[2025-02-17T19:15:16.735+0000] {processor.py:743} INFO - Processing file /opt/airflow/dags/etl_dag.py for tasks to queue
[2025-02-17T19:15:16.735+0000] {logging_mixin.py:137} INFO - [2025-02-17T19:15:16.735+0000] {dagbag.py:538} INFO - Filling up the DagBag from /opt/airflow/dags/etl_dag.py
[2025-02-17T19:15:16.771+0000] {processor.py:753} INFO - DAG(s) dict_keys(['etl_pipeline']) retrieved from /opt/airflow/dags/etl_dag.py
[2025-02-17T19:15:16.954+0000] {logging_mixin.py:137} INFO - [2025-02-17T19:15:16.954+0000] {dag.py:2690} INFO - Sync 1 DAGs
[2025-02-17T19:15:17.000+0000] {logging_mixin.py:137} INFO - [2025-02-17T19:15:17.000+0000] {dag.py:3441} INFO - Setting next_dagrun for etl_pipeline to 2025-02-17T00:00:00+00:00, run_after=2025-02-18T00:00:00+00:00
[2025-02-17T19:15:17.034+0000] {processor.py:175} INFO - Processing /opt/airflow/dags/etl_dag.py took 0.303 seconds
[2025-02-17T19:15:47.215+0000] {processor.py:153} INFO - Started process (PID=257) to work on /opt/airflow/dags/etl_dag.py
[2025-02-17T19:15:47.217+0000] {processor.py:743} INFO - Processing file /opt/airflow/dags/etl_dag.py for tasks to queue
[2025-02-17T19:15:47.218+0000] {logging_mixin.py:137} INFO - [2025-02-17T19:15:47.218+0000] {dagbag.py:538} INFO - Filling up the DagBag from /opt/airflow/dags/etl_dag.py
[2025-02-17T19:15:47.271+0000] {processor.py:753} INFO - DAG(s) dict_keys(['etl_pipeline']) retrieved from /opt/airflow/dags/etl_dag.py
[2025-02-17T19:15:47.302+0000] {logging_mixin.py:137} INFO - [2025-02-17T19:15:47.302+0000] {dag.py:2690} INFO - Sync 1 DAGs
[2025-02-17T19:15:47.331+0000] {logging_mixin.py:137} INFO - [2025-02-17T19:15:47.331+0000] {dag.py:3441} INFO - Setting next_dagrun for etl_pipeline to 2025-02-17T00:00:00+00:00, run_after=2025-02-18T00:00:00+00:00
[2025-02-17T19:15:47.367+0000] {processor.py:175} INFO - Processing /opt/airflow/dags/etl_dag.py took 0.157 seconds
[2025-02-17T19:16:17.628+0000] {processor.py:153} INFO - Started process (PID=262) to work on /opt/airflow/dags/etl_dag.py
[2025-02-17T19:16:17.629+0000] {processor.py:743} INFO - Processing file /opt/airflow/dags/etl_dag.py for tasks to queue
[2025-02-17T19:16:17.630+0000] {logging_mixin.py:137} INFO - [2025-02-17T19:16:17.630+0000] {dagbag.py:538} INFO - Filling up the DagBag from /opt/airflow/dags/etl_dag.py
[2025-02-17T19:16:17.665+0000] {processor.py:753} INFO - DAG(s) dict_keys(['etl_pipeline']) retrieved from /opt/airflow/dags/etl_dag.py
[2025-02-17T19:16:17.699+0000] {logging_mixin.py:137} INFO - [2025-02-17T19:16:17.699+0000] {dag.py:2690} INFO - Sync 1 DAGs
[2025-02-17T19:16:17.732+0000] {logging_mixin.py:137} INFO - [2025-02-17T19:16:17.732+0000] {dag.py:3441} INFO - Setting next_dagrun for etl_pipeline to 2025-02-17T00:00:00+00:00, run_after=2025-02-18T00:00:00+00:00
[2025-02-17T19:16:17.770+0000] {processor.py:175} INFO - Processing /opt/airflow/dags/etl_dag.py took 0.146 seconds
[2025-02-17T19:16:47.917+0000] {processor.py:153} INFO - Started process (PID=267) to work on /opt/airflow/dags/etl_dag.py
[2025-02-17T19:16:47.918+0000] {processor.py:743} INFO - Processing file /opt/airflow/dags/etl_dag.py for tasks to queue
[2025-02-17T19:16:47.919+0000] {logging_mixin.py:137} INFO - [2025-02-17T19:16:47.919+0000] {dagbag.py:538} INFO - Filling up the DagBag from /opt/airflow/dags/etl_dag.py
[2025-02-17T19:16:47.967+0000] {processor.py:753} INFO - DAG(s) dict_keys(['etl_pipeline']) retrieved from /opt/airflow/dags/etl_dag.py
[2025-02-17T19:16:47.999+0000] {logging_mixin.py:137} INFO - [2025-02-17T19:16:47.998+0000] {dag.py:2690} INFO - Sync 1 DAGs
[2025-02-17T19:16:48.028+0000] {logging_mixin.py:137} INFO - [2025-02-17T19:16:48.027+0000] {dag.py:3441} INFO - Setting next_dagrun for etl_pipeline to 2025-02-17T00:00:00+00:00, run_after=2025-02-18T00:00:00+00:00
[2025-02-17T19:16:48.051+0000] {processor.py:175} INFO - Processing /opt/airflow/dags/etl_dag.py took 0.139 seconds
[2025-02-17T19:17:18.353+0000] {processor.py:153} INFO - Started process (PID=272) to work on /opt/airflow/dags/etl_dag.py
[2025-02-17T19:17:18.354+0000] {processor.py:743} INFO - Processing file /opt/airflow/dags/etl_dag.py for tasks to queue
[2025-02-17T19:17:18.355+0000] {logging_mixin.py:137} INFO - [2025-02-17T19:17:18.355+0000] {dagbag.py:538} INFO - Filling up the DagBag from /opt/airflow/dags/etl_dag.py
[2025-02-17T19:17:18.394+0000] {processor.py:753} INFO - DAG(s) dict_keys(['etl_pipeline']) retrieved from /opt/airflow/dags/etl_dag.py
[2025-02-17T19:17:18.422+0000] {logging_mixin.py:137} INFO - [2025-02-17T19:17:18.422+0000] {dag.py:2690} INFO - Sync 1 DAGs
[2025-02-17T19:17:18.453+0000] {logging_mixin.py:137} INFO - [2025-02-17T19:17:18.453+0000] {dag.py:3441} INFO - Setting next_dagrun for etl_pipeline to 2025-02-17T00:00:00+00:00, run_after=2025-02-18T00:00:00+00:00
[2025-02-17T19:17:18.490+0000] {processor.py:175} INFO - Processing /opt/airflow/dags/etl_dag.py took 0.141 seconds
[2025-02-17T19:17:48.697+0000] {processor.py:153} INFO - Started process (PID=277) to work on /opt/airflow/dags/etl_dag.py
[2025-02-17T19:17:48.699+0000] {processor.py:743} INFO - Processing file /opt/airflow/dags/etl_dag.py for tasks to queue
[2025-02-17T19:17:48.701+0000] {logging_mixin.py:137} INFO - [2025-02-17T19:17:48.701+0000] {dagbag.py:538} INFO - Filling up the DagBag from /opt/airflow/dags/etl_dag.py
[2025-02-17T19:17:48.752+0000] {processor.py:753} INFO - DAG(s) dict_keys(['etl_pipeline']) retrieved from /opt/airflow/dags/etl_dag.py
[2025-02-17T19:17:48.785+0000] {logging_mixin.py:137} INFO - [2025-02-17T19:17:48.785+0000] {dag.py:2690} INFO - Sync 1 DAGs
[2025-02-17T19:17:48.823+0000] {logging_mixin.py:137} INFO - [2025-02-17T19:17:48.823+0000] {dag.py:3441} INFO - Setting next_dagrun for etl_pipeline to 2025-02-17T00:00:00+00:00, run_after=2025-02-18T00:00:00+00:00
[2025-02-17T19:17:48.865+0000] {processor.py:175} INFO - Processing /opt/airflow/dags/etl_dag.py took 0.174 seconds
[2025-02-17T19:18:19.156+0000] {processor.py:153} INFO - Started process (PID=282) to work on /opt/airflow/dags/etl_dag.py
[2025-02-17T19:18:19.160+0000] {processor.py:743} INFO - Processing file /opt/airflow/dags/etl_dag.py for tasks to queue
[2025-02-17T19:18:19.165+0000] {logging_mixin.py:137} INFO - [2025-02-17T19:18:19.165+0000] {dagbag.py:538} INFO - Filling up the DagBag from /opt/airflow/dags/etl_dag.py
[2025-02-17T19:18:19.460+0000] {processor.py:753} INFO - DAG(s) dict_keys(['etl_pipeline']) retrieved from /opt/airflow/dags/etl_dag.py
[2025-02-17T19:18:19.557+0000] {logging_mixin.py:137} INFO - [2025-02-17T19:18:19.557+0000] {dag.py:2690} INFO - Sync 1 DAGs
[2025-02-17T19:18:19.665+0000] {logging_mixin.py:137} INFO - [2025-02-17T19:18:19.664+0000] {dag.py:3441} INFO - Setting next_dagrun for etl_pipeline to 2025-02-17T00:00:00+00:00, run_after=2025-02-18T00:00:00+00:00
[2025-02-17T19:18:19.802+0000] {processor.py:175} INFO - Processing /opt/airflow/dags/etl_dag.py took 0.655 seconds
[2025-02-17T19:18:30.281+0000] {processor.py:153} INFO - Started process (PID=287) to work on /opt/airflow/dags/etl_dag.py
[2025-02-17T19:18:30.282+0000] {processor.py:743} INFO - Processing file /opt/airflow/dags/etl_dag.py for tasks to queue
[2025-02-17T19:18:30.284+0000] {logging_mixin.py:137} INFO - [2025-02-17T19:18:30.284+0000] {dagbag.py:538} INFO - Filling up the DagBag from /opt/airflow/dags/etl_dag.py
[2025-02-17T19:18:30.427+0000] {processor.py:753} INFO - DAG(s) dict_keys(['etl_pipeline']) retrieved from /opt/airflow/dags/etl_dag.py
[2025-02-17T19:18:30.473+0000] {logging_mixin.py:137} INFO - [2025-02-17T19:18:30.472+0000] {dag.py:2690} INFO - Sync 1 DAGs
[2025-02-17T19:18:30.541+0000] {logging_mixin.py:137} INFO - [2025-02-17T19:18:30.541+0000] {dag.py:3441} INFO - Setting next_dagrun for etl_pipeline to 2025-02-17T00:00:00+00:00, run_after=2025-02-18T00:00:00+00:00
[2025-02-17T19:18:30.640+0000] {processor.py:175} INFO - Processing /opt/airflow/dags/etl_dag.py took 0.363 seconds
[2025-02-17T19:18:31.293+0000] {processor.py:153} INFO - Started process (PID=292) to work on /opt/airflow/dags/etl_dag.py
[2025-02-17T19:18:31.295+0000] {processor.py:743} INFO - Processing file /opt/airflow/dags/etl_dag.py for tasks to queue
[2025-02-17T19:18:31.296+0000] {logging_mixin.py:137} INFO - [2025-02-17T19:18:31.296+0000] {dagbag.py:538} INFO - Filling up the DagBag from /opt/airflow/dags/etl_dag.py
[2025-02-17T19:18:31.449+0000] {processor.py:753} INFO - DAG(s) dict_keys(['etl_pipeline']) retrieved from /opt/airflow/dags/etl_dag.py
[2025-02-17T19:18:31.488+0000] {logging_mixin.py:137} INFO - [2025-02-17T19:18:31.488+0000] {dag.py:2690} INFO - Sync 1 DAGs
[2025-02-17T19:18:31.522+0000] {logging_mixin.py:137} INFO - [2025-02-17T19:18:31.522+0000] {dag.py:3441} INFO - Setting next_dagrun for etl_pipeline to 2025-02-17T00:00:00+00:00, run_after=2025-02-18T00:00:00+00:00
[2025-02-17T19:18:31.561+0000] {processor.py:175} INFO - Processing /opt/airflow/dags/etl_dag.py took 0.271 seconds
[2025-02-17T19:19:01.925+0000] {processor.py:153} INFO - Started process (PID=297) to work on /opt/airflow/dags/etl_dag.py
[2025-02-17T19:19:01.927+0000] {processor.py:743} INFO - Processing file /opt/airflow/dags/etl_dag.py for tasks to queue
[2025-02-17T19:19:01.929+0000] {logging_mixin.py:137} INFO - [2025-02-17T19:19:01.929+0000] {dagbag.py:538} INFO - Filling up the DagBag from /opt/airflow/dags/etl_dag.py
[2025-02-17T19:19:02.005+0000] {processor.py:753} INFO - DAG(s) dict_keys(['etl_pipeline']) retrieved from /opt/airflow/dags/etl_dag.py
[2025-02-17T19:19:02.039+0000] {logging_mixin.py:137} INFO - [2025-02-17T19:19:02.039+0000] {dag.py:2690} INFO - Sync 1 DAGs
[2025-02-17T19:19:02.080+0000] {logging_mixin.py:137} INFO - [2025-02-17T19:19:02.079+0000] {dag.py:3441} INFO - Setting next_dagrun for etl_pipeline to 2025-02-17T00:00:00+00:00, run_after=2025-02-18T00:00:00+00:00
[2025-02-17T19:19:02.119+0000] {processor.py:175} INFO - Processing /opt/airflow/dags/etl_dag.py took 0.202 seconds
[2025-02-17T19:19:32.183+0000] {processor.py:153} INFO - Started process (PID=302) to work on /opt/airflow/dags/etl_dag.py
[2025-02-17T19:19:32.186+0000] {processor.py:743} INFO - Processing file /opt/airflow/dags/etl_dag.py for tasks to queue
[2025-02-17T19:19:32.188+0000] {logging_mixin.py:137} INFO - [2025-02-17T19:19:32.187+0000] {dagbag.py:538} INFO - Filling up the DagBag from /opt/airflow/dags/etl_dag.py
[2025-02-17T19:19:32.235+0000] {processor.py:753} INFO - DAG(s) dict_keys(['etl_pipeline']) retrieved from /opt/airflow/dags/etl_dag.py
[2025-02-17T19:19:32.270+0000] {logging_mixin.py:137} INFO - [2025-02-17T19:19:32.270+0000] {dag.py:2690} INFO - Sync 1 DAGs
[2025-02-17T19:19:32.305+0000] {logging_mixin.py:137} INFO - [2025-02-17T19:19:32.305+0000] {dag.py:3441} INFO - Setting next_dagrun for etl_pipeline to 2025-02-17T00:00:00+00:00, run_after=2025-02-18T00:00:00+00:00
[2025-02-17T19:19:32.333+0000] {processor.py:175} INFO - Processing /opt/airflow/dags/etl_dag.py took 0.154 seconds
[2025-02-17T19:19:47.342+0000] {processor.py:153} INFO - Started process (PID=307) to work on /opt/airflow/dags/etl_dag.py
[2025-02-17T19:19:47.345+0000] {processor.py:743} INFO - Processing file /opt/airflow/dags/etl_dag.py for tasks to queue
[2025-02-17T19:19:47.349+0000] {logging_mixin.py:137} INFO - [2025-02-17T19:19:47.349+0000] {dagbag.py:538} INFO - Filling up the DagBag from /opt/airflow/dags/etl_dag.py
[2025-02-17T19:19:47.576+0000] {logging_mixin.py:137} INFO - [2025-02-17T19:19:47.566+0000] {dagbag.py:343} ERROR - Failed to import: /opt/airflow/dags/etl_dag.py
Traceback (most recent call last):
  File "/home/airflow/.local/lib/python3.7/site-packages/airflow/models/dagbag.py", line 339, in parse
    loader.exec_module(new_module)
  File "<frozen importlib._bootstrap_external>", line 728, in exec_module
  File "<frozen importlib._bootstrap>", line 219, in _call_with_frames_removed
  File "/opt/airflow/dags/etl_dag.py", line 18, in <module>
    extract = BashOperator(
NameError: name 'BashOperator' is not defined
[2025-02-17T19:19:47.579+0000] {processor.py:755} WARNING - No viable dags retrieved from /opt/airflow/dags/etl_dag.py
[2025-02-17T19:19:47.609+0000] {processor.py:175} INFO - Processing /opt/airflow/dags/etl_dag.py took 0.276 seconds
[2025-02-17T19:19:48.536+0000] {processor.py:153} INFO - Started process (PID=312) to work on /opt/airflow/dags/etl_dag.py
[2025-02-17T19:19:48.537+0000] {processor.py:743} INFO - Processing file /opt/airflow/dags/etl_dag.py for tasks to queue
[2025-02-17T19:19:48.539+0000] {logging_mixin.py:137} INFO - [2025-02-17T19:19:48.539+0000] {dagbag.py:538} INFO - Filling up the DagBag from /opt/airflow/dags/etl_dag.py
[2025-02-17T19:19:48.726+0000] {logging_mixin.py:137} INFO - [2025-02-17T19:19:48.718+0000] {dagbag.py:343} ERROR - Failed to import: /opt/airflow/dags/etl_dag.py
Traceback (most recent call last):
  File "/home/airflow/.local/lib/python3.7/site-packages/airflow/models/dagbag.py", line 339, in parse
    loader.exec_module(new_module)
  File "<frozen importlib._bootstrap_external>", line 728, in exec_module
  File "<frozen importlib._bootstrap>", line 219, in _call_with_frames_removed
  File "/opt/airflow/dags/etl_dag.py", line 18, in <module>
    extract = BashOperator(
NameError: name 'BashOperator' is not defined
[2025-02-17T19:19:48.729+0000] {processor.py:755} WARNING - No viable dags retrieved from /opt/airflow/dags/etl_dag.py
[2025-02-17T19:19:48.762+0000] {processor.py:175} INFO - Processing /opt/airflow/dags/etl_dag.py took 0.231 seconds
[2025-02-17T19:21:05.729+0000] {processor.py:153} INFO - Started process (PID=492) to work on /opt/airflow/dags/etl_dag.py
[2025-02-17T19:21:05.730+0000] {processor.py:743} INFO - Processing file /opt/airflow/dags/etl_dag.py for tasks to queue
[2025-02-17T19:21:05.731+0000] {logging_mixin.py:137} INFO - [2025-02-17T19:21:05.731+0000] {dagbag.py:538} INFO - Filling up the DagBag from /opt/airflow/dags/etl_dag.py
[2025-02-17T19:21:06.009+0000] {logging_mixin.py:137} INFO - [2025-02-17T19:21:06.001+0000] {dagbag.py:343} ERROR - Failed to import: /opt/airflow/dags/etl_dag.py
Traceback (most recent call last):
  File "/home/airflow/.local/lib/python3.7/site-packages/airflow/models/dagbag.py", line 339, in parse
    loader.exec_module(new_module)
  File "<frozen importlib._bootstrap_external>", line 728, in exec_module
  File "<frozen importlib._bootstrap>", line 219, in _call_with_frames_removed
  File "/opt/airflow/dags/etl_dag.py", line 18, in <module>
    extract = BashOperator(
NameError: name 'BashOperator' is not defined
[2025-02-17T19:21:06.011+0000] {processor.py:755} WARNING - No viable dags retrieved from /opt/airflow/dags/etl_dag.py
[2025-02-17T19:21:06.041+0000] {processor.py:175} INFO - Processing /opt/airflow/dags/etl_dag.py took 0.316 seconds
[2025-02-17T19:21:36.183+0000] {processor.py:153} INFO - Started process (PID=498) to work on /opt/airflow/dags/etl_dag.py
[2025-02-17T19:21:36.184+0000] {processor.py:743} INFO - Processing file /opt/airflow/dags/etl_dag.py for tasks to queue
[2025-02-17T19:21:36.185+0000] {logging_mixin.py:137} INFO - [2025-02-17T19:21:36.185+0000] {dagbag.py:538} INFO - Filling up the DagBag from /opt/airflow/dags/etl_dag.py
[2025-02-17T19:21:36.297+0000] {logging_mixin.py:137} INFO - [2025-02-17T19:21:36.291+0000] {dagbag.py:343} ERROR - Failed to import: /opt/airflow/dags/etl_dag.py
Traceback (most recent call last):
  File "/home/airflow/.local/lib/python3.7/site-packages/airflow/models/dagbag.py", line 339, in parse
    loader.exec_module(new_module)
  File "<frozen importlib._bootstrap_external>", line 728, in exec_module
  File "<frozen importlib._bootstrap>", line 219, in _call_with_frames_removed
  File "/opt/airflow/dags/etl_dag.py", line 18, in <module>
    extract = BashOperator(
NameError: name 'BashOperator' is not defined
[2025-02-17T19:21:36.299+0000] {processor.py:755} WARNING - No viable dags retrieved from /opt/airflow/dags/etl_dag.py
[2025-02-17T19:21:36.333+0000] {processor.py:175} INFO - Processing /opt/airflow/dags/etl_dag.py took 0.155 seconds
[2025-02-17T19:22:06.624+0000] {processor.py:153} INFO - Started process (PID=503) to work on /opt/airflow/dags/etl_dag.py
[2025-02-17T19:22:06.625+0000] {processor.py:743} INFO - Processing file /opt/airflow/dags/etl_dag.py for tasks to queue
[2025-02-17T19:22:06.626+0000] {logging_mixin.py:137} INFO - [2025-02-17T19:22:06.626+0000] {dagbag.py:538} INFO - Filling up the DagBag from /opt/airflow/dags/etl_dag.py
[2025-02-17T19:22:06.745+0000] {logging_mixin.py:137} INFO - [2025-02-17T19:22:06.741+0000] {dagbag.py:343} ERROR - Failed to import: /opt/airflow/dags/etl_dag.py
Traceback (most recent call last):
  File "/home/airflow/.local/lib/python3.7/site-packages/airflow/models/dagbag.py", line 339, in parse
    loader.exec_module(new_module)
  File "<frozen importlib._bootstrap_external>", line 728, in exec_module
  File "<frozen importlib._bootstrap>", line 219, in _call_with_frames_removed
  File "/opt/airflow/dags/etl_dag.py", line 18, in <module>
    extract = BashOperator(
NameError: name 'BashOperator' is not defined
[2025-02-17T19:22:06.746+0000] {processor.py:755} WARNING - No viable dags retrieved from /opt/airflow/dags/etl_dag.py
[2025-02-17T19:22:06.775+0000] {processor.py:175} INFO - Processing /opt/airflow/dags/etl_dag.py took 0.158 seconds
[2025-02-17T19:22:36.938+0000] {processor.py:153} INFO - Started process (PID=508) to work on /opt/airflow/dags/etl_dag.py
[2025-02-17T19:22:36.939+0000] {processor.py:743} INFO - Processing file /opt/airflow/dags/etl_dag.py for tasks to queue
[2025-02-17T19:22:36.941+0000] {logging_mixin.py:137} INFO - [2025-02-17T19:22:36.940+0000] {dagbag.py:538} INFO - Filling up the DagBag from /opt/airflow/dags/etl_dag.py
[2025-02-17T19:22:37.075+0000] {logging_mixin.py:137} INFO - [2025-02-17T19:22:37.069+0000] {dagbag.py:343} ERROR - Failed to import: /opt/airflow/dags/etl_dag.py
Traceback (most recent call last):
  File "/home/airflow/.local/lib/python3.7/site-packages/airflow/models/dagbag.py", line 339, in parse
    loader.exec_module(new_module)
  File "<frozen importlib._bootstrap_external>", line 728, in exec_module
  File "<frozen importlib._bootstrap>", line 219, in _call_with_frames_removed
  File "/opt/airflow/dags/etl_dag.py", line 18, in <module>
    extract = BashOperator(
NameError: name 'BashOperator' is not defined
[2025-02-17T19:22:37.078+0000] {processor.py:755} WARNING - No viable dags retrieved from /opt/airflow/dags/etl_dag.py
[2025-02-17T19:22:37.108+0000] {processor.py:175} INFO - Processing /opt/airflow/dags/etl_dag.py took 0.173 seconds
[2025-02-17T19:23:07.400+0000] {processor.py:153} INFO - Started process (PID=513) to work on /opt/airflow/dags/etl_dag.py
[2025-02-17T19:23:07.401+0000] {processor.py:743} INFO - Processing file /opt/airflow/dags/etl_dag.py for tasks to queue
[2025-02-17T19:23:07.402+0000] {logging_mixin.py:137} INFO - [2025-02-17T19:23:07.402+0000] {dagbag.py:538} INFO - Filling up the DagBag from /opt/airflow/dags/etl_dag.py
[2025-02-17T19:23:07.547+0000] {logging_mixin.py:137} INFO - [2025-02-17T19:23:07.540+0000] {dagbag.py:343} ERROR - Failed to import: /opt/airflow/dags/etl_dag.py
Traceback (most recent call last):
  File "/home/airflow/.local/lib/python3.7/site-packages/airflow/models/dagbag.py", line 339, in parse
    loader.exec_module(new_module)
  File "<frozen importlib._bootstrap_external>", line 728, in exec_module
  File "<frozen importlib._bootstrap>", line 219, in _call_with_frames_removed
  File "/opt/airflow/dags/etl_dag.py", line 18, in <module>
    extract = BashOperator(
NameError: name 'BashOperator' is not defined
[2025-02-17T19:23:07.550+0000] {processor.py:755} WARNING - No viable dags retrieved from /opt/airflow/dags/etl_dag.py
[2025-02-17T19:23:07.571+0000] {processor.py:175} INFO - Processing /opt/airflow/dags/etl_dag.py took 0.177 seconds
[2025-02-17T19:23:34.706+0000] {processor.py:153} INFO - Started process (PID=518) to work on /opt/airflow/dags/etl_dag.py
[2025-02-17T19:23:34.707+0000] {processor.py:743} INFO - Processing file /opt/airflow/dags/etl_dag.py for tasks to queue
[2025-02-17T19:23:34.709+0000] {logging_mixin.py:137} INFO - [2025-02-17T19:23:34.709+0000] {dagbag.py:538} INFO - Filling up the DagBag from /opt/airflow/dags/etl_dag.py
[2025-02-17T19:23:34.786+0000] {processor.py:753} INFO - DAG(s) dict_keys(['etl_pipeline']) retrieved from /opt/airflow/dags/etl_dag.py
[2025-02-17T19:23:34.885+0000] {logging_mixin.py:137} INFO - [2025-02-17T19:23:34.884+0000] {dag.py:2690} INFO - Sync 1 DAGs
[2025-02-17T19:23:34.922+0000] {logging_mixin.py:137} INFO - [2025-02-17T19:23:34.922+0000] {dag.py:3441} INFO - Setting next_dagrun for etl_pipeline to 2025-02-17T00:00:00+00:00, run_after=2025-02-18T00:00:00+00:00
[2025-02-17T19:23:34.971+0000] {processor.py:175} INFO - Processing /opt/airflow/dags/etl_dag.py took 0.270 seconds
[2025-02-17T19:23:38.913+0000] {processor.py:153} INFO - Started process (PID=523) to work on /opt/airflow/dags/etl_dag.py
[2025-02-17T19:23:38.913+0000] {processor.py:743} INFO - Processing file /opt/airflow/dags/etl_dag.py for tasks to queue
[2025-02-17T19:23:38.914+0000] {logging_mixin.py:137} INFO - [2025-02-17T19:23:38.914+0000] {dagbag.py:538} INFO - Filling up the DagBag from /opt/airflow/dags/etl_dag.py
[2025-02-17T19:23:39.020+0000] {logging_mixin.py:137} INFO - [2025-02-17T19:23:39.012+0000] {dagbag.py:343} ERROR - Failed to import: /opt/airflow/dags/etl_dag.py
Traceback (most recent call last):
  File "/home/airflow/.local/lib/python3.7/site-packages/airflow/models/dagbag.py", line 339, in parse
    loader.exec_module(new_module)
  File "<frozen importlib._bootstrap_external>", line 728, in exec_module
  File "<frozen importlib._bootstrap>", line 219, in _call_with_frames_removed
  File "/opt/airflow/dags/etl_dag.py", line 18, in <module>
    extract = BashOperator(
NameError: name 'BashOperator' is not defined
[2025-02-17T19:23:39.022+0000] {processor.py:755} WARNING - No viable dags retrieved from /opt/airflow/dags/etl_dag.py
[2025-02-17T19:23:39.041+0000] {processor.py:175} INFO - Processing /opt/airflow/dags/etl_dag.py took 0.133 seconds
